CRITICAL - 2026-03-05 12:34:43 --> TypeError: view(): Argument #2 ($data) must be of type array, string given, called in /opt/lampp/htdocs/2026_ci4_biblioteca/app/Controllers/AutorController.php on line 13
in SYSTEMPATH/Common.php on line 1166.
 1 APPPATH/Controllers/AutorController.php(13): view()
 2 SYSTEMPATH/CodeIgniter.php(941): App\Controllers\AutorController->index()
 3 SYSTEMPATH/CodeIgniter.php(502): CodeIgniter\CodeIgniter->runController()
 4 SYSTEMPATH/CodeIgniter.php(361): CodeIgniter\CodeIgniter->handleRequest()
 5 FCPATH/index.php(79): CodeIgniter\CodeIgniter->run()
 6 SYSTEMPATH/Commands/Server/rewrite.php(47): require_once('/opt/lampp/htdocs/2026_ci4_biblioteca/public/index.php')
CRITICAL - 2026-03-05 12:35:40 --> TypeError: view(): Argument #2 ($data) must be of type array, string given, called in /opt/lampp/htdocs/2026_ci4_biblioteca/app/Controllers/AutorController.php on line 13
in SYSTEMPATH/Common.php on line 1166.
 1 APPPATH/Controllers/AutorController.php(13): view()
 2 SYSTEMPATH/CodeIgniter.php(941): App\Controllers\AutorController->index()
 3 SYSTEMPATH/CodeIgniter.php(502): CodeIgniter\CodeIgniter->runController()
 4 SYSTEMPATH/CodeIgniter.php(361): CodeIgniter\CodeIgniter->handleRequest()
 5 FCPATH/index.php(79): CodeIgniter\CodeIgniter->run()
 6 SYSTEMPATH/Commands/Server/rewrite.php(47): require_once('/opt/lampp/htdocs/2026_ci4_biblioteca/public/index.php')
CRITICAL - 2026-03-05 12:35:41 --> TypeError: view(): Argument #2 ($data) must be of type array, string given, called in /opt/lampp/htdocs/2026_ci4_biblioteca/app/Controllers/AutorController.php on line 13
in SYSTEMPATH/Common.php on line 1166.
 1 APPPATH/Controllers/AutorController.php(13): view()
 2 SYSTEMPATH/CodeIgniter.php(941): App\Controllers\AutorController->index()
 3 SYSTEMPATH/CodeIgniter.php(502): CodeIgniter\CodeIgniter->runController()
 4 SYSTEMPATH/CodeIgniter.php(361): CodeIgniter\CodeIgniter->handleRequest()
 5 FCPATH/index.php(79): CodeIgniter\CodeIgniter->run()
 6 SYSTEMPATH/Commands/Server/rewrite.php(47): require_once('/opt/lampp/htdocs/2026_ci4_biblioteca/public/index.php')
CRITICAL - 2026-03-05 12:41:24 --> ErrorException: Undefined variable $nome
in APPPATH/Views/autor/teste.php on line 3.
 1 APPPATH/Views/autor/teste.php(3): CodeIgniter\Debug\Exceptions->errorHandler()
 2 SYSTEMPATH/View/View.php(228): include('/opt/lampp/htdocs/2026_ci4_biblioteca/app/Views/autor/teste.php')
 3 SYSTEMPATH/View/View.php(231): CodeIgniter\View\View->CodeIgniter\View\{closure}()
 4 SYSTEMPATH/Common.php(1178): CodeIgniter\View\View->render()
 5 APPPATH/Controllers/AutorController.php(13): view()
 6 SYSTEMPATH/CodeIgniter.php(941): App\Controllers\AutorController->index()
 7 SYSTEMPATH/CodeIgniter.php(502): CodeIgniter\CodeIgniter->runController()
 8 SYSTEMPATH/CodeIgniter.php(361): CodeIgniter\CodeIgniter->handleRequest()
 9 FCPATH/index.php(79): CodeIgniter\CodeIgniter->run()
10 SYSTEMPATH/Commands/Server/rewrite.php(47): require_once('/opt/lampp/htdocs/2026_ci4_biblioteca/public/index.php')
CRITICAL - 2026-03-05 12:42:46 --> ErrorException: Undefined variable $nome
in APPPATH/Views/autor/teste.php on line 4.
 1 APPPATH/Views/autor/teste.php(4): CodeIgniter\Debug\Exceptions->errorHandler()
 2 SYSTEMPATH/View/View.php(228): include('/opt/lampp/htdocs/2026_ci4_biblioteca/app/Views/autor/teste.php')
 3 SYSTEMPATH/View/View.php(231): CodeIgniter\View\View->CodeIgniter\View\{closure}()
 4 SYSTEMPATH/Common.php(1178): CodeIgniter\View\View->render()
 5 APPPATH/Controllers/AutorController.php(13): view()
 6 SYSTEMPATH/CodeIgniter.php(941): App\Controllers\AutorController->index()
 7 SYSTEMPATH/CodeIgniter.php(502): CodeIgniter\CodeIgniter->runController()
 8 SYSTEMPATH/CodeIgniter.php(361): CodeIgniter\CodeIgniter->handleRequest()
 9 FCPATH/index.php(79): CodeIgniter\CodeIgniter->run()
10 SYSTEMPATH/Commands/Server/rewrite.php(47): require_once('/opt/lampp/htdocs/2026_ci4_biblioteca/public/index.php')
CRITICAL - 2026-03-05 12:42:48 --> ErrorException: Undefined variable $nome
in APPPATH/Views/autor/teste.php on line 4.
 1 APPPATH/Views/autor/teste.php(4): CodeIgniter\Debug\Exceptions->errorHandler()
 2 SYSTEMPATH/View/View.php(228): include('/opt/lampp/htdocs/2026_ci4_biblioteca/app/Views/autor/teste.php')
 3 SYSTEMPATH/View/View.php(231): CodeIgniter\View\View->CodeIgniter\View\{closure}()
 4 SYSTEMPATH/Common.php(1178): CodeIgniter\View\View->render()
 5 APPPATH/Controllers/AutorController.php(13): view()
 6 SYSTEMPATH/CodeIgniter.php(941): App\Controllers\AutorController->index()
 7 SYSTEMPATH/CodeIgniter.php(502): CodeIgniter\CodeIgniter->runController()
 8 SYSTEMPATH/CodeIgniter.php(361): CodeIgniter\CodeIgniter->handleRequest()
 9 FCPATH/index.php(79): CodeIgniter\CodeIgniter->run()
10 SYSTEMPATH/Commands/Server/rewrite.php(47): require_once('/opt/lampp/htdocs/2026_ci4_biblioteca/public/index.php')
CRITICAL - 2026-03-05 12:44:06 --> ErrorException: Undefined variable $nome
in APPPATH/Views/autor/teste.php on line 4.
 1 APPPATH/Views/autor/teste.php(4): CodeIgniter\Debug\Exceptions->errorHandler()
 2 SYSTEMPATH/View/View.php(228): include('/opt/lampp/htdocs/2026_ci4_biblioteca/app/Views/autor/teste.php')
 3 SYSTEMPATH/View/View.php(231): CodeIgniter\View\View->CodeIgniter\View\{closure}()
 4 SYSTEMPATH/Common.php(1178): CodeIgniter\View\View->render()
 5 APPPATH/Controllers/AutorController.php(13): view()
 6 SYSTEMPATH/CodeIgniter.php(941): App\Controllers\AutorController->index()
 7 SYSTEMPATH/CodeIgniter.php(502): CodeIgniter\CodeIgniter->runController()
 8 SYSTEMPATH/CodeIgniter.php(361): CodeIgniter\CodeIgniter->handleRequest()
 9 FCPATH/index.php(79): CodeIgniter\CodeIgniter->run()
10 SYSTEMPATH/Commands/Server/rewrite.php(47): require_once('/opt/lampp/htdocs/2026_ci4_biblioteca/public/index.php')
CRITICAL - 2026-03-05 12:44:33 --> ErrorException: Undefined variable $nome
in APPPATH/Views/autor/teste.php on line 4.
 1 APPPATH/Views/autor/teste.php(4): CodeIgniter\Debug\Exceptions->errorHandler()
 2 SYSTEMPATH/View/View.php(228): include('/opt/lampp/htdocs/2026_ci4_biblioteca/app/Views/autor/teste.php')
 3 SYSTEMPATH/View/View.php(231): CodeIgniter\View\View->CodeIgniter\View\{closure}()
 4 SYSTEMPATH/Common.php(1178): CodeIgniter\View\View->render()
 5 APPPATH/Controllers/AutorController.php(13): view()
 6 SYSTEMPATH/CodeIgniter.php(941): App\Controllers\AutorController->index()
 7 SYSTEMPATH/CodeIgniter.php(502): CodeIgniter\CodeIgniter->runController()
 8 SYSTEMPATH/CodeIgniter.php(361): CodeIgniter\CodeIgniter->handleRequest()
 9 FCPATH/index.php(79): CodeIgniter\CodeIgniter->run()
10 SYSTEMPATH/Commands/Server/rewrite.php(47): require_once('/opt/lampp/htdocs/2026_ci4_biblioteca/public/index.php')
CRITICAL - 2026-03-05 12:44:46 --> ErrorException: Undefined variable $nome
in APPPATH/Views/autor/teste.php on line 4.
 1 APPPATH/Views/autor/teste.php(4): CodeIgniter\Debug\Exceptions->errorHandler()
 2 SYSTEMPATH/View/View.php(228): include('/opt/lampp/htdocs/2026_ci4_biblioteca/app/Views/autor/teste.php')
 3 SYSTEMPATH/View/View.php(231): CodeIgniter\View\View->CodeIgniter\View\{closure}()
 4 SYSTEMPATH/Common.php(1178): CodeIgniter\View\View->render()
 5 APPPATH/Controllers/AutorController.php(13): view()
 6 SYSTEMPATH/CodeIgniter.php(941): App\Controllers\AutorController->index()
 7 SYSTEMPATH/CodeIgniter.php(502): CodeIgniter\CodeIgniter->runController()
 8 SYSTEMPATH/CodeIgniter.php(361): CodeIgniter\CodeIgniter->handleRequest()
 9 FCPATH/index.php(79): CodeIgniter\CodeIgniter->run()
10 SYSTEMPATH/Commands/Server/rewrite.php(47): require_once('/opt/lampp/htdocs/2026_ci4_biblioteca/public/index.php')
CRITICAL - 2026-03-05 12:44:47 --> ErrorException: Undefined variable $nome
in APPPATH/Views/autor/teste.php on line 4.
 1 APPPATH/Views/autor/teste.php(4): CodeIgniter\Debug\Exceptions->errorHandler()
 2 SYSTEMPATH/View/View.php(228): include('/opt/lampp/htdocs/2026_ci4_biblioteca/app/Views/autor/teste.php')
 3 SYSTEMPATH/View/View.php(231): CodeIgniter\View\View->CodeIgniter\View\{closure}()
 4 SYSTEMPATH/Common.php(1178): CodeIgniter\View\View->render()
 5 APPPATH/Controllers/AutorController.php(13): view()
 6 SYSTEMPATH/CodeIgniter.php(941): App\Controllers\AutorController->index()
 7 SYSTEMPATH/CodeIgniter.php(502): CodeIgniter\CodeIgniter->runController()
 8 SYSTEMPATH/CodeIgniter.php(361): CodeIgniter\CodeIgniter->handleRequest()
 9 FCPATH/index.php(79): CodeIgniter\CodeIgniter->run()
10 SYSTEMPATH/Commands/Server/rewrite.php(47): require_once('/opt/lampp/htdocs/2026_ci4_biblioteca/public/index.php')
CRITICAL - 2026-03-05 12:44:48 --> ErrorException: Undefined variable $nome
in APPPATH/Views/autor/teste.php on line 4.
 1 APPPATH/Views/autor/teste.php(4): CodeIgniter\Debug\Exceptions->errorHandler()
 2 SYSTEMPATH/View/View.php(228): include('/opt/lampp/htdocs/2026_ci4_biblioteca/app/Views/autor/teste.php')
 3 SYSTEMPATH/View/View.php(231): CodeIgniter\View\View->CodeIgniter\View\{closure}()
 4 SYSTEMPATH/Common.php(1178): CodeIgniter\View\View->render()
 5 APPPATH/Controllers/AutorController.php(13): view()
 6 SYSTEMPATH/CodeIgniter.php(941): App\Controllers\AutorController->index()
 7 SYSTEMPATH/CodeIgniter.php(502): CodeIgniter\CodeIgniter->runController()
 8 SYSTEMPATH/CodeIgniter.php(361): CodeIgniter\CodeIgniter->handleRequest()
 9 FCPATH/index.php(79): CodeIgniter\CodeIgniter->run()
10 SYSTEMPATH/Commands/Server/rewrite.php(47): require_once('/opt/lampp/htdocs/2026_ci4_biblioteca/public/index.php')
CRITICAL - 2026-03-05 12:44:49 --> ErrorException: Undefined variable $nome
in APPPATH/Views/autor/teste.php on line 4.
 1 APPPATH/Views/autor/teste.php(4): CodeIgniter\Debug\Exceptions->errorHandler()
 2 SYSTEMPATH/View/View.php(228): include('/opt/lampp/htdocs/2026_ci4_biblioteca/app/Views/autor/teste.php')
 3 SYSTEMPATH/View/View.php(231): CodeIgniter\View\View->CodeIgniter\View\{closure}()
 4 SYSTEMPATH/Common.php(1178): CodeIgniter\View\View->render()
 5 APPPATH/Controllers/AutorController.php(13): view()
 6 SYSTEMPATH/CodeIgniter.php(941): App\Controllers\AutorController->index()
 7 SYSTEMPATH/CodeIgniter.php(502): CodeIgniter\CodeIgniter->runController()
 8 SYSTEMPATH/CodeIgniter.php(361): CodeIgniter\CodeIgniter->handleRequest()
 9 FCPATH/index.php(79): CodeIgniter\CodeIgniter->run()
10 SYSTEMPATH/Commands/Server/rewrite.php(47): require_once('/opt/lampp/htdocs/2026_ci4_biblioteca/public/index.php')
CRITICAL - 2026-03-05 12:44:49 --> ErrorException: Undefined variable $nome
in APPPATH/Views/autor/teste.php on line 4.
 1 APPPATH/Views/autor/teste.php(4): CodeIgniter\Debug\Exceptions->errorHandler()
 2 SYSTEMPATH/View/View.php(228): include('/opt/lampp/htdocs/2026_ci4_biblioteca/app/Views/autor/teste.php')
 3 SYSTEMPATH/View/View.php(231): CodeIgniter\View\View->CodeIgniter\View\{closure}()
 4 SYSTEMPATH/Common.php(1178): CodeIgniter\View\View->render()
 5 APPPATH/Controllers/AutorController.php(13): view()
 6 SYSTEMPATH/CodeIgniter.php(941): App\Controllers\AutorController->index()
 7 SYSTEMPATH/CodeIgniter.php(502): CodeIgniter\CodeIgniter->runController()
 8 SYSTEMPATH/CodeIgniter.php(361): CodeIgniter\CodeIgniter->handleRequest()
 9 FCPATH/index.php(79): CodeIgniter\CodeIgniter->run()
10 SYSTEMPATH/Commands/Server/rewrite.php(47): require_once('/opt/lampp/htdocs/2026_ci4_biblioteca/public/index.php')
CRITICAL - 2026-03-05 12:44:49 --> ErrorException: Undefined variable $nome
in APPPATH/Views/autor/teste.php on line 4.
 1 APPPATH/Views/autor/teste.php(4): CodeIgniter\Debug\Exceptions->errorHandler()
 2 SYSTEMPATH/View/View.php(228): include('/opt/lampp/htdocs/2026_ci4_biblioteca/app/Views/autor/teste.php')
 3 SYSTEMPATH/View/View.php(231): CodeIgniter\View\View->CodeIgniter\View\{closure}()
 4 SYSTEMPATH/Common.php(1178): CodeIgniter\View\View->render()
 5 APPPATH/Controllers/AutorController.php(13): view()
 6 SYSTEMPATH/CodeIgniter.php(941): App\Controllers\AutorController->index()
 7 SYSTEMPATH/CodeIgniter.php(502): CodeIgniter\CodeIgniter->runController()
 8 SYSTEMPATH/CodeIgniter.php(361): CodeIgniter\CodeIgniter->handleRequest()
 9 FCPATH/index.php(79): CodeIgniter\CodeIgniter->run()
10 SYSTEMPATH/Commands/Server/rewrite.php(47): require_once('/opt/lampp/htdocs/2026_ci4_biblioteca/public/index.php')
CRITICAL - 2026-03-05 12:49:00 --> ErrorException: Undefined variable $nome
in APPPATH/Views/autor/teste.php on line 4.
 1 APPPATH/Views/autor/teste.php(4): CodeIgniter\Debug\Exceptions->errorHandler()
 2 SYSTEMPATH/View/View.php(228): include('/opt/lampp/htdocs/2026_ci4_biblioteca/app/Views/autor/teste.php')
 3 SYSTEMPATH/View/View.php(231): CodeIgniter\View\View->CodeIgniter\View\{closure}()
 4 SYSTEMPATH/Common.php(1178): CodeIgniter\View\View->render()
 5 APPPATH/Controllers/AutorController.php(13): view()
 6 SYSTEMPATH/CodeIgniter.php(941): App\Controllers\AutorController->index()
 7 SYSTEMPATH/CodeIgniter.php(502): CodeIgniter\CodeIgniter->runController()
 8 SYSTEMPATH/CodeIgniter.php(361): CodeIgniter\CodeIgniter->handleRequest()
 9 FCPATH/index.php(79): CodeIgniter\CodeIgniter->run()
10 SYSTEMPATH/Commands/Server/rewrite.php(47): require_once('/opt/lampp/htdocs/2026_ci4_biblioteca/public/index.php')
CRITICAL - 2026-03-05 12:49:01 --> ErrorException: Undefined variable $nome
in APPPATH/Views/autor/teste.php on line 4.
 1 APPPATH/Views/autor/teste.php(4): CodeIgniter\Debug\Exceptions->errorHandler()
 2 SYSTEMPATH/View/View.php(228): include('/opt/lampp/htdocs/2026_ci4_biblioteca/app/Views/autor/teste.php')
 3 SYSTEMPATH/View/View.php(231): CodeIgniter\View\View->CodeIgniter\View\{closure}()
 4 SYSTEMPATH/Common.php(1178): CodeIgniter\View\View->render()
 5 APPPATH/Controllers/AutorController.php(13): view()
 6 SYSTEMPATH/CodeIgniter.php(941): App\Controllers\AutorController->index()
 7 SYSTEMPATH/CodeIgniter.php(502): CodeIgniter\CodeIgniter->runController()
 8 SYSTEMPATH/CodeIgniter.php(361): CodeIgniter\CodeIgniter->handleRequest()
 9 FCPATH/index.php(79): CodeIgniter\CodeIgniter->run()
10 SYSTEMPATH/Commands/Server/rewrite.php(47): require_once('/opt/lampp/htdocs/2026_ci4_biblioteca/public/index.php')
ERROR - 2026-03-05 13:56:02 --> Error connecting to the database: mysqli_sql_exception: No such file or directory in /opt/lampp/htdocs/2026_ci4_biblioteca/system/Database/MySQLi/Connection.php:185
Stack trace:
#0 /opt/lampp/htdocs/2026_ci4_biblioteca/system/Database/MySQLi/Connection.php(185): mysqli->real_connect()
#1 /opt/lampp/htdocs/2026_ci4_biblioteca/system/Database/BaseConnection.php(392): CodeIgniter\Database\MySQLi\Connection->connect()
#2 /opt/lampp/htdocs/2026_ci4_biblioteca/system/Database/BaseConnection.php(575): CodeIgniter\Database\BaseConnection->initialize()
#3 /opt/lampp/htdocs/2026_ci4_biblioteca/system/Database/BaseBuilder.php(2307): CodeIgniter\Database\BaseConnection->query()
#4 /opt/lampp/htdocs/2026_ci4_biblioteca/system/Model.php(326): CodeIgniter\Database\BaseBuilder->insert()
#5 /opt/lampp/htdocs/2026_ci4_biblioteca/system/BaseModel.php(802): CodeIgniter\Model->doInsert()
#6 /opt/lampp/htdocs/2026_ci4_biblioteca/system/Model.php(744): CodeIgniter\BaseModel->insert()
#7 /opt/lampp/htdocs/2026_ci4_biblioteca/system/BaseModel.php(713): CodeIgniter\Model->insert()
#8 /opt/lampp/htdocs/2026_ci4_biblioteca/app/Controllers/AutorController.php(22): CodeIgniter\BaseModel->save()
#9 /opt/lampp/htdocs/2026_ci4_biblioteca/system/CodeIgniter.php(941): App\Controllers\AutorController->inserir()
#10 /opt/lampp/htdocs/2026_ci4_biblioteca/system/CodeIgniter.php(502): CodeIgniter\CodeIgniter->runController()
#11 /opt/lampp/htdocs/2026_ci4_biblioteca/system/CodeIgniter.php(361): CodeIgniter\CodeIgniter->handleRequest()
#12 /opt/lampp/htdocs/2026_ci4_biblioteca/public/index.php(79): CodeIgniter\CodeIgniter->run()
#13 /opt/lampp/htdocs/2026_ci4_biblioteca/system/Commands/Server/rewrite.php(47): require_once('...')
#14 {main}

Next CodeIgniter\Database\Exceptions\DatabaseException: No such file or directory in /opt/lampp/htdocs/2026_ci4_biblioteca/system/Database/MySQLi/Connection.php:229
Stack trace:
#0 /opt/lampp/htdocs/2026_ci4_biblioteca/system/Database/BaseConnection.php(392): CodeIgniter\Database\MySQLi\Connection->connect()
#1 /opt/lampp/htdocs/2026_ci4_biblioteca/system/Database/BaseConnection.php(575): CodeIgniter\Database\BaseConnection->initialize()
#2 /opt/lampp/htdocs/2026_ci4_biblioteca/system/Database/BaseBuilder.php(2307): CodeIgniter\Database\BaseConnection->query()
#3 /opt/lampp/htdocs/2026_ci4_biblioteca/system/Model.php(326): CodeIgniter\Database\BaseBuilder->insert()
#4 /opt/lampp/htdocs/2026_ci4_biblioteca/system/BaseModel.php(802): CodeIgniter\Model->doInsert()
#5 /opt/lampp/htdocs/2026_ci4_biblioteca/system/Model.php(744): CodeIgniter\BaseModel->insert()
#6 /opt/lampp/htdocs/2026_ci4_biblioteca/system/BaseModel.php(713): CodeIgniter\Model->insert()
#7 /opt/lampp/htdocs/2026_ci4_biblioteca/app/Controllers/AutorController.php(22): CodeIgniter\BaseModel->save()
#8 /opt/lampp/htdocs/2026_ci4_biblioteca/system/CodeIgniter.php(941): App\Controllers\AutorController->inserir()
#9 /opt/lampp/htdocs/2026_ci4_biblioteca/system/CodeIgniter.php(502): CodeIgniter\CodeIgniter->runController()
#10 /opt/lampp/htdocs/2026_ci4_biblioteca/system/CodeIgniter.php(361): CodeIgniter\CodeIgniter->handleRequest()
#11 /opt/lampp/htdocs/2026_ci4_biblioteca/public/index.php(79): CodeIgniter\CodeIgniter->run()
#12 /opt/lampp/htdocs/2026_ci4_biblioteca/system/Commands/Server/rewrite.php(47): require_once('...')
#13 {main}
CRITICAL - 2026-03-05 13:56:02 --> CodeIgniter\Database\Exceptions\DatabaseException: Unable to connect to the database.
Main connection [MySQLi]: No such file or directory
in SYSTEMPATH/Database/BaseConnection.php on line 428.
 1 SYSTEMPATH/Database/BaseConnection.php(575): CodeIgniter\Database\BaseConnection->initialize()
 2 SYSTEMPATH/Database/BaseBuilder.php(2307): CodeIgniter\Database\BaseConnection->query()
 3 SYSTEMPATH/Model.php(326): CodeIgniter\Database\BaseBuilder->insert()
 4 SYSTEMPATH/BaseModel.php(802): CodeIgniter\Model->doInsert()
 5 SYSTEMPATH/Model.php(744): CodeIgniter\BaseModel->insert()
 6 SYSTEMPATH/BaseModel.php(713): CodeIgniter\Model->insert()
 7 APPPATH/Controllers/AutorController.php(22): CodeIgniter\BaseModel->save()
 8 SYSTEMPATH/CodeIgniter.php(941): App\Controllers\AutorController->inserir()
 9 SYSTEMPATH/CodeIgniter.php(502): CodeIgniter\CodeIgniter->runController()
10 SYSTEMPATH/CodeIgniter.php(361): CodeIgniter\CodeIgniter->handleRequest()
11 FCPATH/index.php(79): CodeIgniter\CodeIgniter->run()
12 SYSTEMPATH/Commands/Server/rewrite.php(47): require_once('/opt/lampp/htdocs/2026_ci4_biblioteca/public/index.php')
ERROR - 2026-03-05 13:58:35 --> Error connecting to the database: mysqli_sql_exception: No such file or directory in /opt/lampp/htdocs/2026_ci4_biblioteca/system/Database/MySQLi/Connection.php:185
Stack trace:
#0 /opt/lampp/htdocs/2026_ci4_biblioteca/system/Database/MySQLi/Connection.php(185): mysqli->real_connect()
#1 /opt/lampp/htdocs/2026_ci4_biblioteca/system/Database/BaseConnection.php(392): CodeIgniter\Database\MySQLi\Connection->connect()
#2 /opt/lampp/htdocs/2026_ci4_biblioteca/system/Database/BaseConnection.php(575): CodeIgniter\Database\BaseConnection->initialize()
#3 /opt/lampp/htdocs/2026_ci4_biblioteca/system/Database/BaseBuilder.php(2307): CodeIgniter\Database\BaseConnection->query()
#4 /opt/lampp/htdocs/2026_ci4_biblioteca/system/Model.php(326): CodeIgniter\Database\BaseBuilder->insert()
#5 /opt/lampp/htdocs/2026_ci4_biblioteca/system/BaseModel.php(802): CodeIgniter\Model->doInsert()
#6 /opt/lampp/htdocs/2026_ci4_biblioteca/system/Model.php(744): CodeIgniter\BaseModel->insert()
#7 /opt/lampp/htdocs/2026_ci4_biblioteca/system/BaseModel.php(713): CodeIgniter\Model->insert()
#8 /opt/lampp/htdocs/2026_ci4_biblioteca/app/Controllers/AutorController.php(22): CodeIgniter\BaseModel->save()
#9 /opt/lampp/htdocs/2026_ci4_biblioteca/system/CodeIgniter.php(941): App\Controllers\AutorController->inserir()
#10 /opt/lampp/htdocs/2026_ci4_biblioteca/system/CodeIgniter.php(502): CodeIgniter\CodeIgniter->runController()
#11 /opt/lampp/htdocs/2026_ci4_biblioteca/system/CodeIgniter.php(361): CodeIgniter\CodeIgniter->handleRequest()
#12 /opt/lampp/htdocs/2026_ci4_biblioteca/public/index.php(79): CodeIgniter\CodeIgniter->run()
#13 /opt/lampp/htdocs/2026_ci4_biblioteca/system/Commands/Server/rewrite.php(47): require_once('...')
#14 {main}

Next CodeIgniter\Database\Exceptions\DatabaseException: No such file or directory in /opt/lampp/htdocs/2026_ci4_biblioteca/system/Database/MySQLi/Connection.php:229
Stack trace:
#0 /opt/lampp/htdocs/2026_ci4_biblioteca/system/Database/BaseConnection.php(392): CodeIgniter\Database\MySQLi\Connection->connect()
#1 /opt/lampp/htdocs/2026_ci4_biblioteca/system/Database/BaseConnection.php(575): CodeIgniter\Database\BaseConnection->initialize()
#2 /opt/lampp/htdocs/2026_ci4_biblioteca/system/Database/BaseBuilder.php(2307): CodeIgniter\Database\BaseConnection->query()
#3 /opt/lampp/htdocs/2026_ci4_biblioteca/system/Model.php(326): CodeIgniter\Database\BaseBuilder->insert()
#4 /opt/lampp/htdocs/2026_ci4_biblioteca/system/BaseModel.php(802): CodeIgniter\Model->doInsert()
#5 /opt/lampp/htdocs/2026_ci4_biblioteca/system/Model.php(744): CodeIgniter\BaseModel->insert()
#6 /opt/lampp/htdocs/2026_ci4_biblioteca/system/BaseModel.php(713): CodeIgniter\Model->insert()
#7 /opt/lampp/htdocs/2026_ci4_biblioteca/app/Controllers/AutorController.php(22): CodeIgniter\BaseModel->save()
#8 /opt/lampp/htdocs/2026_ci4_biblioteca/system/CodeIgniter.php(941): App\Controllers\AutorController->inserir()
#9 /opt/lampp/htdocs/2026_ci4_biblioteca/system/CodeIgniter.php(502): CodeIgniter\CodeIgniter->runController()
#10 /opt/lampp/htdocs/2026_ci4_biblioteca/system/CodeIgniter.php(361): CodeIgniter\CodeIgniter->handleRequest()
#11 /opt/lampp/htdocs/2026_ci4_biblioteca/public/index.php(79): CodeIgniter\CodeIgniter->run()
#12 /opt/lampp/htdocs/2026_ci4_biblioteca/system/Commands/Server/rewrite.php(47): require_once('...')
#13 {main}
CRITICAL - 2026-03-05 13:58:35 --> CodeIgniter\Database\Exceptions\DatabaseException: Unable to connect to the database.
Main connection [MySQLi]: No such file or directory
in SYSTEMPATH/Database/BaseConnection.php on line 428.
 1 SYSTEMPATH/Database/BaseConnection.php(575): CodeIgniter\Database\BaseConnection->initialize()
 2 SYSTEMPATH/Database/BaseBuilder.php(2307): CodeIgniter\Database\BaseConnection->query()
 3 SYSTEMPATH/Model.php(326): CodeIgniter\Database\BaseBuilder->insert()
 4 SYSTEMPATH/BaseModel.php(802): CodeIgniter\Model->doInsert()
 5 SYSTEMPATH/Model.php(744): CodeIgniter\BaseModel->insert()
 6 SYSTEMPATH/BaseModel.php(713): CodeIgniter\Model->insert()
 7 APPPATH/Controllers/AutorController.php(22): CodeIgniter\BaseModel->save()
 8 SYSTEMPATH/CodeIgniter.php(941): App\Controllers\AutorController->inserir()
 9 SYSTEMPATH/CodeIgniter.php(502): CodeIgniter\CodeIgniter->runController()
10 SYSTEMPATH/CodeIgniter.php(361): CodeIgniter\CodeIgniter->handleRequest()
11 FCPATH/index.php(79): CodeIgniter\CodeIgniter->run()
12 SYSTEMPATH/Commands/Server/rewrite.php(47): require_once('/opt/lampp/htdocs/2026_ci4_biblioteca/public/index.php')
ERROR - 2026-03-05 13:59:03 --> Error connecting to the database: mysqli_sql_exception: No such file or directory in /opt/lampp/htdocs/2026_ci4_biblioteca/system/Database/MySQLi/Connection.php:185
Stack trace:
#0 /opt/lampp/htdocs/2026_ci4_biblioteca/system/Database/MySQLi/Connection.php(185): mysqli->real_connect()
#1 /opt/lampp/htdocs/2026_ci4_biblioteca/system/Database/BaseConnection.php(392): CodeIgniter\Database\MySQLi\Connection->connect()
#2 /opt/lampp/htdocs/2026_ci4_biblioteca/system/Database/BaseConnection.php(575): CodeIgniter\Database\BaseConnection->initialize()
#3 /opt/lampp/htdocs/2026_ci4_biblioteca/system/Database/BaseBuilder.php(2307): CodeIgniter\Database\BaseConnection->query()
#4 /opt/lampp/htdocs/2026_ci4_biblioteca/system/Model.php(326): CodeIgniter\Database\BaseBuilder->insert()
#5 /opt/lampp/htdocs/2026_ci4_biblioteca/system/BaseModel.php(802): CodeIgniter\Model->doInsert()
#6 /opt/lampp/htdocs/2026_ci4_biblioteca/system/Model.php(744): CodeIgniter\BaseModel->insert()
#7 /opt/lampp/htdocs/2026_ci4_biblioteca/system/BaseModel.php(713): CodeIgniter\Model->insert()
#8 /opt/lampp/htdocs/2026_ci4_biblioteca/app/Controllers/AutorController.php(22): CodeIgniter\BaseModel->save()
#9 /opt/lampp/htdocs/2026_ci4_biblioteca/system/CodeIgniter.php(941): App\Controllers\AutorController->inserir()
#10 /opt/lampp/htdocs/2026_ci4_biblioteca/system/CodeIgniter.php(502): CodeIgniter\CodeIgniter->runController()
#11 /opt/lampp/htdocs/2026_ci4_biblioteca/system/CodeIgniter.php(361): CodeIgniter\CodeIgniter->handleRequest()
#12 /opt/lampp/htdocs/2026_ci4_biblioteca/public/index.php(79): CodeIgniter\CodeIgniter->run()
#13 /opt/lampp/htdocs/2026_ci4_biblioteca/system/Commands/Server/rewrite.php(47): require_once('...')
#14 {main}

Next CodeIgniter\Database\Exceptions\DatabaseException: No such file or directory in /opt/lampp/htdocs/2026_ci4_biblioteca/system/Database/MySQLi/Connection.php:229
Stack trace:
#0 /opt/lampp/htdocs/2026_ci4_biblioteca/system/Database/BaseConnection.php(392): CodeIgniter\Database\MySQLi\Connection->connect()
#1 /opt/lampp/htdocs/2026_ci4_biblioteca/system/Database/BaseConnection.php(575): CodeIgniter\Database\BaseConnection->initialize()
#2 /opt/lampp/htdocs/2026_ci4_biblioteca/system/Database/BaseBuilder.php(2307): CodeIgniter\Database\BaseConnection->query()
#3 /opt/lampp/htdocs/2026_ci4_biblioteca/system/Model.php(326): CodeIgniter\Database\BaseBuilder->insert()
#4 /opt/lampp/htdocs/2026_ci4_biblioteca/system/BaseModel.php(802): CodeIgniter\Model->doInsert()
#5 /opt/lampp/htdocs/2026_ci4_biblioteca/system/Model.php(744): CodeIgniter\BaseModel->insert()
#6 /opt/lampp/htdocs/2026_ci4_biblioteca/system/BaseModel.php(713): CodeIgniter\Model->insert()
#7 /opt/lampp/htdocs/2026_ci4_biblioteca/app/Controllers/AutorController.php(22): CodeIgniter\BaseModel->save()
#8 /opt/lampp/htdocs/2026_ci4_biblioteca/system/CodeIgniter.php(941): App\Controllers\AutorController->inserir()
#9 /opt/lampp/htdocs/2026_ci4_biblioteca/system/CodeIgniter.php(502): CodeIgniter\CodeIgniter->runController()
#10 /opt/lampp/htdocs/2026_ci4_biblioteca/system/CodeIgniter.php(361): CodeIgniter\CodeIgniter->handleRequest()
#11 /opt/lampp/htdocs/2026_ci4_biblioteca/public/index.php(79): CodeIgniter\CodeIgniter->run()
#12 /opt/lampp/htdocs/2026_ci4_biblioteca/system/Commands/Server/rewrite.php(47): require_once('...')
#13 {main}
CRITICAL - 2026-03-05 13:59:03 --> CodeIgniter\Database\Exceptions\DatabaseException: Unable to connect to the database.
Main connection [MySQLi]: No such file or directory
in SYSTEMPATH/Database/BaseConnection.php on line 428.
 1 SYSTEMPATH/Database/BaseConnection.php(575): CodeIgniter\Database\BaseConnection->initialize()
 2 SYSTEMPATH/Database/BaseBuilder.php(2307): CodeIgniter\Database\BaseConnection->query()
 3 SYSTEMPATH/Model.php(326): CodeIgniter\Database\BaseBuilder->insert()
 4 SYSTEMPATH/BaseModel.php(802): CodeIgniter\Model->doInsert()
 5 SYSTEMPATH/Model.php(744): CodeIgniter\BaseModel->insert()
 6 SYSTEMPATH/BaseModel.php(713): CodeIgniter\Model->insert()
 7 APPPATH/Controllers/AutorController.php(22): CodeIgniter\BaseModel->save()
 8 SYSTEMPATH/CodeIgniter.php(941): App\Controllers\AutorController->inserir()
 9 SYSTEMPATH/CodeIgniter.php(502): CodeIgniter\CodeIgniter->runController()
10 SYSTEMPATH/CodeIgniter.php(361): CodeIgniter\CodeIgniter->handleRequest()
11 FCPATH/index.php(79): CodeIgniter\CodeIgniter->run()
12 SYSTEMPATH/Commands/Server/rewrite.php(47): require_once('/opt/lampp/htdocs/2026_ci4_biblioteca/public/index.php')
ERROR - 2026-03-05 13:59:32 --> Error connecting to the database: mysqli_sql_exception: No such file or directory in /opt/lampp/htdocs/2026_ci4_biblioteca/system/Database/MySQLi/Connection.php:185
Stack trace:
#0 /opt/lampp/htdocs/2026_ci4_biblioteca/system/Database/MySQLi/Connection.php(185): mysqli->real_connect()
#1 /opt/lampp/htdocs/2026_ci4_biblioteca/system/Database/BaseConnection.php(392): CodeIgniter\Database\MySQLi\Connection->connect()
#2 /opt/lampp/htdocs/2026_ci4_biblioteca/system/Database/BaseConnection.php(575): CodeIgniter\Database\BaseConnection->initialize()
#3 /opt/lampp/htdocs/2026_ci4_biblioteca/system/Database/BaseBuilder.php(2307): CodeIgniter\Database\BaseConnection->query()
#4 /opt/lampp/htdocs/2026_ci4_biblioteca/system/Model.php(326): CodeIgniter\Database\BaseBuilder->insert()
#5 /opt/lampp/htdocs/2026_ci4_biblioteca/system/BaseModel.php(802): CodeIgniter\Model->doInsert()
#6 /opt/lampp/htdocs/2026_ci4_biblioteca/system/Model.php(744): CodeIgniter\BaseModel->insert()
#7 /opt/lampp/htdocs/2026_ci4_biblioteca/system/BaseModel.php(713): CodeIgniter\Model->insert()
#8 /opt/lampp/htdocs/2026_ci4_biblioteca/app/Controllers/AutorController.php(22): CodeIgniter\BaseModel->save()
#9 /opt/lampp/htdocs/2026_ci4_biblioteca/system/CodeIgniter.php(941): App\Controllers\AutorController->inserir()
#10 /opt/lampp/htdocs/2026_ci4_biblioteca/system/CodeIgniter.php(502): CodeIgniter\CodeIgniter->runController()
#11 /opt/lampp/htdocs/2026_ci4_biblioteca/system/CodeIgniter.php(361): CodeIgniter\CodeIgniter->handleRequest()
#12 /opt/lampp/htdocs/2026_ci4_biblioteca/public/index.php(79): CodeIgniter\CodeIgniter->run()
#13 /opt/lampp/htdocs/2026_ci4_biblioteca/system/Commands/Server/rewrite.php(47): require_once('...')
#14 {main}

Next CodeIgniter\Database\Exceptions\DatabaseException: No such file or directory in /opt/lampp/htdocs/2026_ci4_biblioteca/system/Database/MySQLi/Connection.php:229
Stack trace:
#0 /opt/lampp/htdocs/2026_ci4_biblioteca/system/Database/BaseConnection.php(392): CodeIgniter\Database\MySQLi\Connection->connect()
#1 /opt/lampp/htdocs/2026_ci4_biblioteca/system/Database/BaseConnection.php(575): CodeIgniter\Database\BaseConnection->initialize()
#2 /opt/lampp/htdocs/2026_ci4_biblioteca/system/Database/BaseBuilder.php(2307): CodeIgniter\Database\BaseConnection->query()
#3 /opt/lampp/htdocs/2026_ci4_biblioteca/system/Model.php(326): CodeIgniter\Database\BaseBuilder->insert()
#4 /opt/lampp/htdocs/2026_ci4_biblioteca/system/BaseModel.php(802): CodeIgniter\Model->doInsert()
#5 /opt/lampp/htdocs/2026_ci4_biblioteca/system/Model.php(744): CodeIgniter\BaseModel->insert()
#6 /opt/lampp/htdocs/2026_ci4_biblioteca/system/BaseModel.php(713): CodeIgniter\Model->insert()
#7 /opt/lampp/htdocs/2026_ci4_biblioteca/app/Controllers/AutorController.php(22): CodeIgniter\BaseModel->save()
#8 /opt/lampp/htdocs/2026_ci4_biblioteca/system/CodeIgniter.php(941): App\Controllers\AutorController->inserir()
#9 /opt/lampp/htdocs/2026_ci4_biblioteca/system/CodeIgniter.php(502): CodeIgniter\CodeIgniter->runController()
#10 /opt/lampp/htdocs/2026_ci4_biblioteca/system/CodeIgniter.php(361): CodeIgniter\CodeIgniter->handleRequest()
#11 /opt/lampp/htdocs/2026_ci4_biblioteca/public/index.php(79): CodeIgniter\CodeIgniter->run()
#12 /opt/lampp/htdocs/2026_ci4_biblioteca/system/Commands/Server/rewrite.php(47): require_once('...')
#13 {main}
CRITICAL - 2026-03-05 13:59:32 --> CodeIgniter\Database\Exceptions\DatabaseException: Unable to connect to the database.
Main connection [MySQLi]: No such file or directory
in SYSTEMPATH/Database/BaseConnection.php on line 428.
 1 SYSTEMPATH/Database/BaseConnection.php(575): CodeIgniter\Database\BaseConnection->initialize()
 2 SYSTEMPATH/Database/BaseBuilder.php(2307): CodeIgniter\Database\BaseConnection->query()
 3 SYSTEMPATH/Model.php(326): CodeIgniter\Database\BaseBuilder->insert()
 4 SYSTEMPATH/BaseModel.php(802): CodeIgniter\Model->doInsert()
 5 SYSTEMPATH/Model.php(744): CodeIgniter\BaseModel->insert()
 6 SYSTEMPATH/BaseModel.php(713): CodeIgniter\Model->insert()
 7 APPPATH/Controllers/AutorController.php(22): CodeIgniter\BaseModel->save()
 8 SYSTEMPATH/CodeIgniter.php(941): App\Controllers\AutorController->inserir()
 9 SYSTEMPATH/CodeIgniter.php(502): CodeIgniter\CodeIgniter->runController()
10 SYSTEMPATH/CodeIgniter.php(361): CodeIgniter\CodeIgniter->handleRequest()
11 FCPATH/index.php(79): CodeIgniter\CodeIgniter->run()
12 SYSTEMPATH/Commands/Server/rewrite.php(47): require_once('/opt/lampp/htdocs/2026_ci4_biblioteca/public/index.php')
ERROR - 2026-03-05 14:03:17 --> Error connecting to the database: mysqli_sql_exception: No such file or directory in /opt/lampp/htdocs/2026_ci4_biblioteca/system/Database/MySQLi/Connection.php:185
Stack trace:
#0 /opt/lampp/htdocs/2026_ci4_biblioteca/system/Database/MySQLi/Connection.php(185): mysqli->real_connect()
#1 /opt/lampp/htdocs/2026_ci4_biblioteca/system/Database/BaseConnection.php(392): CodeIgniter\Database\MySQLi\Connection->connect()
#2 /opt/lampp/htdocs/2026_ci4_biblioteca/system/Database/BaseConnection.php(575): CodeIgniter\Database\BaseConnection->initialize()
#3 /opt/lampp/htdocs/2026_ci4_biblioteca/system/Database/BaseBuilder.php(2307): CodeIgniter\Database\BaseConnection->query()
#4 /opt/lampp/htdocs/2026_ci4_biblioteca/system/Model.php(326): CodeIgniter\Database\BaseBuilder->insert()
#5 /opt/lampp/htdocs/2026_ci4_biblioteca/system/BaseModel.php(802): CodeIgniter\Model->doInsert()
#6 /opt/lampp/htdocs/2026_ci4_biblioteca/system/Model.php(744): CodeIgniter\BaseModel->insert()
#7 /opt/lampp/htdocs/2026_ci4_biblioteca/system/BaseModel.php(713): CodeIgniter\Model->insert()
#8 /opt/lampp/htdocs/2026_ci4_biblioteca/app/Controllers/AutorController.php(22): CodeIgniter\BaseModel->save()
#9 /opt/lampp/htdocs/2026_ci4_biblioteca/system/CodeIgniter.php(941): App\Controllers\AutorController->inserir()
#10 /opt/lampp/htdocs/2026_ci4_biblioteca/system/CodeIgniter.php(502): CodeIgniter\CodeIgniter->runController()
#11 /opt/lampp/htdocs/2026_ci4_biblioteca/system/CodeIgniter.php(361): CodeIgniter\CodeIgniter->handleRequest()
#12 /opt/lampp/htdocs/2026_ci4_biblioteca/public/index.php(79): CodeIgniter\CodeIgniter->run()
#13 /opt/lampp/htdocs/2026_ci4_biblioteca/system/Commands/Server/rewrite.php(47): require_once('...')
#14 {main}

Next CodeIgniter\Database\Exceptions\DatabaseException: No such file or directory in /opt/lampp/htdocs/2026_ci4_biblioteca/system/Database/MySQLi/Connection.php:229
Stack trace:
#0 /opt/lampp/htdocs/2026_ci4_biblioteca/system/Database/BaseConnection.php(392): CodeIgniter\Database\MySQLi\Connection->connect()
#1 /opt/lampp/htdocs/2026_ci4_biblioteca/system/Database/BaseConnection.php(575): CodeIgniter\Database\BaseConnection->initialize()
#2 /opt/lampp/htdocs/2026_ci4_biblioteca/system/Database/BaseBuilder.php(2307): CodeIgniter\Database\BaseConnection->query()
#3 /opt/lampp/htdocs/2026_ci4_biblioteca/system/Model.php(326): CodeIgniter\Database\BaseBuilder->insert()
#4 /opt/lampp/htdocs/2026_ci4_biblioteca/system/BaseModel.php(802): CodeIgniter\Model->doInsert()
#5 /opt/lampp/htdocs/2026_ci4_biblioteca/system/Model.php(744): CodeIgniter\BaseModel->insert()
#6 /opt/lampp/htdocs/2026_ci4_biblioteca/system/BaseModel.php(713): CodeIgniter\Model->insert()
#7 /opt/lampp/htdocs/2026_ci4_biblioteca/app/Controllers/AutorController.php(22): CodeIgniter\BaseModel->save()
#8 /opt/lampp/htdocs/2026_ci4_biblioteca/system/CodeIgniter.php(941): App\Controllers\AutorController->inserir()
#9 /opt/lampp/htdocs/2026_ci4_biblioteca/system/CodeIgniter.php(502): CodeIgniter\CodeIgniter->runController()
#10 /opt/lampp/htdocs/2026_ci4_biblioteca/system/CodeIgniter.php(361): CodeIgniter\CodeIgniter->handleRequest()
#11 /opt/lampp/htdocs/2026_ci4_biblioteca/public/index.php(79): CodeIgniter\CodeIgniter->run()
#12 /opt/lampp/htdocs/2026_ci4_biblioteca/system/Commands/Server/rewrite.php(47): require_once('...')
#13 {main}
CRITICAL - 2026-03-05 14:03:17 --> CodeIgniter\Database\Exceptions\DatabaseException: Unable to connect to the database.
Main connection [MySQLi]: No such file or directory
in SYSTEMPATH/Database/BaseConnection.php on line 428.
 1 SYSTEMPATH/Database/BaseConnection.php(575): CodeIgniter\Database\BaseConnection->initialize()
 2 SYSTEMPATH/Database/BaseBuilder.php(2307): CodeIgniter\Database\BaseConnection->query()
 3 SYSTEMPATH/Model.php(326): CodeIgniter\Database\BaseBuilder->insert()
 4 SYSTEMPATH/BaseModel.php(802): CodeIgniter\Model->doInsert()
 5 SYSTEMPATH/Model.php(744): CodeIgniter\BaseModel->insert()
 6 SYSTEMPATH/BaseModel.php(713): CodeIgniter\Model->insert()
 7 APPPATH/Controllers/AutorController.php(22): CodeIgniter\BaseModel->save()
 8 SYSTEMPATH/CodeIgniter.php(941): App\Controllers\AutorController->inserir()
 9 SYSTEMPATH/CodeIgniter.php(502): CodeIgniter\CodeIgniter->runController()
10 SYSTEMPATH/CodeIgniter.php(361): CodeIgniter\CodeIgniter->handleRequest()
11 FCPATH/index.php(79): CodeIgniter\CodeIgniter->run()
12 SYSTEMPATH/Commands/Server/rewrite.php(47): require_once('/opt/lampp/htdocs/2026_ci4_biblioteca/public/index.php')
ERROR - 2026-03-05 14:04:27 --> Error connecting to the database: mysqli_sql_exception: No such file or directory in /opt/lampp/htdocs/2026_ci4_biblioteca/system/Database/MySQLi/Connection.php:185
Stack trace:
#0 /opt/lampp/htdocs/2026_ci4_biblioteca/system/Database/MySQLi/Connection.php(185): mysqli->real_connect()
#1 /opt/lampp/htdocs/2026_ci4_biblioteca/system/Database/BaseConnection.php(392): CodeIgniter\Database\MySQLi\Connection->connect()
#2 /opt/lampp/htdocs/2026_ci4_biblioteca/system/Database/BaseConnection.php(575): CodeIgniter\Database\BaseConnection->initialize()
#3 /opt/lampp/htdocs/2026_ci4_biblioteca/system/Database/BaseBuilder.php(2307): CodeIgniter\Database\BaseConnection->query()
#4 /opt/lampp/htdocs/2026_ci4_biblioteca/system/Model.php(326): CodeIgniter\Database\BaseBuilder->insert()
#5 /opt/lampp/htdocs/2026_ci4_biblioteca/system/BaseModel.php(802): CodeIgniter\Model->doInsert()
#6 /opt/lampp/htdocs/2026_ci4_biblioteca/system/Model.php(744): CodeIgniter\BaseModel->insert()
#7 /opt/lampp/htdocs/2026_ci4_biblioteca/system/BaseModel.php(713): CodeIgniter\Model->insert()
#8 /opt/lampp/htdocs/2026_ci4_biblioteca/app/Controllers/AutorController.php(23): CodeIgniter\BaseModel->save()
#9 /opt/lampp/htdocs/2026_ci4_biblioteca/system/CodeIgniter.php(941): App\Controllers\AutorController->inserir()
#10 /opt/lampp/htdocs/2026_ci4_biblioteca/system/CodeIgniter.php(502): CodeIgniter\CodeIgniter->runController()
#11 /opt/lampp/htdocs/2026_ci4_biblioteca/system/CodeIgniter.php(361): CodeIgniter\CodeIgniter->handleRequest()
#12 /opt/lampp/htdocs/2026_ci4_biblioteca/public/index.php(79): CodeIgniter\CodeIgniter->run()
#13 /opt/lampp/htdocs/2026_ci4_biblioteca/system/Commands/Server/rewrite.php(47): require_once('...')
#14 {main}

Next CodeIgniter\Database\Exceptions\DatabaseException: No such file or directory in /opt/lampp/htdocs/2026_ci4_biblioteca/system/Database/MySQLi/Connection.php:229
Stack trace:
#0 /opt/lampp/htdocs/2026_ci4_biblioteca/system/Database/BaseConnection.php(392): CodeIgniter\Database\MySQLi\Connection->connect()
#1 /opt/lampp/htdocs/2026_ci4_biblioteca/system/Database/BaseConnection.php(575): CodeIgniter\Database\BaseConnection->initialize()
#2 /opt/lampp/htdocs/2026_ci4_biblioteca/system/Database/BaseBuilder.php(2307): CodeIgniter\Database\BaseConnection->query()
#3 /opt/lampp/htdocs/2026_ci4_biblioteca/system/Model.php(326): CodeIgniter\Database\BaseBuilder->insert()
#4 /opt/lampp/htdocs/2026_ci4_biblioteca/system/BaseModel.php(802): CodeIgniter\Model->doInsert()
#5 /opt/lampp/htdocs/2026_ci4_biblioteca/system/Model.php(744): CodeIgniter\BaseModel->insert()
#6 /opt/lampp/htdocs/2026_ci4_biblioteca/system/BaseModel.php(713): CodeIgniter\Model->insert()
#7 /opt/lampp/htdocs/2026_ci4_biblioteca/app/Controllers/AutorController.php(23): CodeIgniter\BaseModel->save()
#8 /opt/lampp/htdocs/2026_ci4_biblioteca/system/CodeIgniter.php(941): App\Controllers\AutorController->inserir()
#9 /opt/lampp/htdocs/2026_ci4_biblioteca/system/CodeIgniter.php(502): CodeIgniter\CodeIgniter->runController()
#10 /opt/lampp/htdocs/2026_ci4_biblioteca/system/CodeIgniter.php(361): CodeIgniter\CodeIgniter->handleRequest()
#11 /opt/lampp/htdocs/2026_ci4_biblioteca/public/index.php(79): CodeIgniter\CodeIgniter->run()
#12 /opt/lampp/htdocs/2026_ci4_biblioteca/system/Commands/Server/rewrite.php(47): require_once('...')
#13 {main}
CRITICAL - 2026-03-05 14:04:27 --> CodeIgniter\Database\Exceptions\DatabaseException: Unable to connect to the database.
Main connection [MySQLi]: No such file or directory
in SYSTEMPATH/Database/BaseConnection.php on line 428.
 1 SYSTEMPATH/Database/BaseConnection.php(575): CodeIgniter\Database\BaseConnection->initialize()
 2 SYSTEMPATH/Database/BaseBuilder.php(2307): CodeIgniter\Database\BaseConnection->query()
 3 SYSTEMPATH/Model.php(326): CodeIgniter\Database\BaseBuilder->insert()
 4 SYSTEMPATH/BaseModel.php(802): CodeIgniter\Model->doInsert()
 5 SYSTEMPATH/Model.php(744): CodeIgniter\BaseModel->insert()
 6 SYSTEMPATH/BaseModel.php(713): CodeIgniter\Model->insert()
 7 APPPATH/Controllers/AutorController.php(23): CodeIgniter\BaseModel->save()
 8 SYSTEMPATH/CodeIgniter.php(941): App\Controllers\AutorController->inserir()
 9 SYSTEMPATH/CodeIgniter.php(502): CodeIgniter\CodeIgniter->runController()
10 SYSTEMPATH/CodeIgniter.php(361): CodeIgniter\CodeIgniter->handleRequest()
11 FCPATH/index.php(79): CodeIgniter\CodeIgniter->run()
12 SYSTEMPATH/Commands/Server/rewrite.php(47): require_once('/opt/lampp/htdocs/2026_ci4_biblioteca/public/index.php')
ERROR - 2026-03-05 14:04:31 --> Error connecting to the database: mysqli_sql_exception: No such file or directory in /opt/lampp/htdocs/2026_ci4_biblioteca/system/Database/MySQLi/Connection.php:185
Stack trace:
#0 /opt/lampp/htdocs/2026_ci4_biblioteca/system/Database/MySQLi/Connection.php(185): mysqli->real_connect()
#1 /opt/lampp/htdocs/2026_ci4_biblioteca/system/Database/BaseConnection.php(392): CodeIgniter\Database\MySQLi\Connection->connect()
#2 /opt/lampp/htdocs/2026_ci4_biblioteca/system/Database/BaseConnection.php(575): CodeIgniter\Database\BaseConnection->initialize()
#3 /opt/lampp/htdocs/2026_ci4_biblioteca/system/Database/BaseBuilder.php(2307): CodeIgniter\Database\BaseConnection->query()
#4 /opt/lampp/htdocs/2026_ci4_biblioteca/system/Model.php(326): CodeIgniter\Database\BaseBuilder->insert()
#5 /opt/lampp/htdocs/2026_ci4_biblioteca/system/BaseModel.php(802): CodeIgniter\Model->doInsert()
#6 /opt/lampp/htdocs/2026_ci4_biblioteca/system/Model.php(744): CodeIgniter\BaseModel->insert()
#7 /opt/lampp/htdocs/2026_ci4_biblioteca/system/BaseModel.php(713): CodeIgniter\Model->insert()
#8 /opt/lampp/htdocs/2026_ci4_biblioteca/app/Controllers/AutorController.php(23): CodeIgniter\BaseModel->save()
#9 /opt/lampp/htdocs/2026_ci4_biblioteca/system/CodeIgniter.php(941): App\Controllers\AutorController->inserir()
#10 /opt/lampp/htdocs/2026_ci4_biblioteca/system/CodeIgniter.php(502): CodeIgniter\CodeIgniter->runController()
#11 /opt/lampp/htdocs/2026_ci4_biblioteca/system/CodeIgniter.php(361): CodeIgniter\CodeIgniter->handleRequest()
#12 /opt/lampp/htdocs/2026_ci4_biblioteca/public/index.php(79): CodeIgniter\CodeIgniter->run()
#13 /opt/lampp/htdocs/2026_ci4_biblioteca/system/Commands/Server/rewrite.php(47): require_once('...')
#14 {main}

Next CodeIgniter\Database\Exceptions\DatabaseException: No such file or directory in /opt/lampp/htdocs/2026_ci4_biblioteca/system/Database/MySQLi/Connection.php:229
Stack trace:
#0 /opt/lampp/htdocs/2026_ci4_biblioteca/system/Database/BaseConnection.php(392): CodeIgniter\Database\MySQLi\Connection->connect()
#1 /opt/lampp/htdocs/2026_ci4_biblioteca/system/Database/BaseConnection.php(575): CodeIgniter\Database\BaseConnection->initialize()
#2 /opt/lampp/htdocs/2026_ci4_biblioteca/system/Database/BaseBuilder.php(2307): CodeIgniter\Database\BaseConnection->query()
#3 /opt/lampp/htdocs/2026_ci4_biblioteca/system/Model.php(326): CodeIgniter\Database\BaseBuilder->insert()
#4 /opt/lampp/htdocs/2026_ci4_biblioteca/system/BaseModel.php(802): CodeIgniter\Model->doInsert()
#5 /opt/lampp/htdocs/2026_ci4_biblioteca/system/Model.php(744): CodeIgniter\BaseModel->insert()
#6 /opt/lampp/htdocs/2026_ci4_biblioteca/system/BaseModel.php(713): CodeIgniter\Model->insert()
#7 /opt/lampp/htdocs/2026_ci4_biblioteca/app/Controllers/AutorController.php(23): CodeIgniter\BaseModel->save()
#8 /opt/lampp/htdocs/2026_ci4_biblioteca/system/CodeIgniter.php(941): App\Controllers\AutorController->inserir()
#9 /opt/lampp/htdocs/2026_ci4_biblioteca/system/CodeIgniter.php(502): CodeIgniter\CodeIgniter->runController()
#10 /opt/lampp/htdocs/2026_ci4_biblioteca/system/CodeIgniter.php(361): CodeIgniter\CodeIgniter->handleRequest()
#11 /opt/lampp/htdocs/2026_ci4_biblioteca/public/index.php(79): CodeIgniter\CodeIgniter->run()
#12 /opt/lampp/htdocs/2026_ci4_biblioteca/system/Commands/Server/rewrite.php(47): require_once('...')
#13 {main}
CRITICAL - 2026-03-05 14:04:31 --> CodeIgniter\Database\Exceptions\DatabaseException: Unable to connect to the database.
Main connection [MySQLi]: No such file or directory
in SYSTEMPATH/Database/BaseConnection.php on line 428.
 1 SYSTEMPATH/Database/BaseConnection.php(575): CodeIgniter\Database\BaseConnection->initialize()
 2 SYSTEMPATH/Database/BaseBuilder.php(2307): CodeIgniter\Database\BaseConnection->query()
 3 SYSTEMPATH/Model.php(326): CodeIgniter\Database\BaseBuilder->insert()
 4 SYSTEMPATH/BaseModel.php(802): CodeIgniter\Model->doInsert()
 5 SYSTEMPATH/Model.php(744): CodeIgniter\BaseModel->insert()
 6 SYSTEMPATH/BaseModel.php(713): CodeIgniter\Model->insert()
 7 APPPATH/Controllers/AutorController.php(23): CodeIgniter\BaseModel->save()
 8 SYSTEMPATH/CodeIgniter.php(941): App\Controllers\AutorController->inserir()
 9 SYSTEMPATH/CodeIgniter.php(502): CodeIgniter\CodeIgniter->runController()
10 SYSTEMPATH/CodeIgniter.php(361): CodeIgniter\CodeIgniter->handleRequest()
11 FCPATH/index.php(79): CodeIgniter\CodeIgniter->run()
12 SYSTEMPATH/Commands/Server/rewrite.php(47): require_once('/opt/lampp/htdocs/2026_ci4_biblioteca/public/index.php')
ERROR - 2026-03-05 14:05:34 --> Error connecting to the database: mysqli_sql_exception: No such file or directory in /opt/lampp/htdocs/2026_ci4_biblioteca/system/Database/MySQLi/Connection.php:185
Stack trace:
#0 /opt/lampp/htdocs/2026_ci4_biblioteca/system/Database/MySQLi/Connection.php(185): mysqli->real_connect()
#1 /opt/lampp/htdocs/2026_ci4_biblioteca/system/Database/BaseConnection.php(392): CodeIgniter\Database\MySQLi\Connection->connect()
#2 /opt/lampp/htdocs/2026_ci4_biblioteca/system/Database/BaseConnection.php(575): CodeIgniter\Database\BaseConnection->initialize()
#3 /opt/lampp/htdocs/2026_ci4_biblioteca/system/Database/BaseBuilder.php(2307): CodeIgniter\Database\BaseConnection->query()
#4 /opt/lampp/htdocs/2026_ci4_biblioteca/system/Model.php(326): CodeIgniter\Database\BaseBuilder->insert()
#5 /opt/lampp/htdocs/2026_ci4_biblioteca/system/BaseModel.php(802): CodeIgniter\Model->doInsert()
#6 /opt/lampp/htdocs/2026_ci4_biblioteca/system/Model.php(744): CodeIgniter\BaseModel->insert()
#7 /opt/lampp/htdocs/2026_ci4_biblioteca/system/BaseModel.php(713): CodeIgniter\Model->insert()
#8 /opt/lampp/htdocs/2026_ci4_biblioteca/app/Controllers/AutorController.php(23): CodeIgniter\BaseModel->save()
#9 /opt/lampp/htdocs/2026_ci4_biblioteca/system/CodeIgniter.php(941): App\Controllers\AutorController->inserir()
#10 /opt/lampp/htdocs/2026_ci4_biblioteca/system/CodeIgniter.php(502): CodeIgniter\CodeIgniter->runController()
#11 /opt/lampp/htdocs/2026_ci4_biblioteca/system/CodeIgniter.php(361): CodeIgniter\CodeIgniter->handleRequest()
#12 /opt/lampp/htdocs/2026_ci4_biblioteca/public/index.php(79): CodeIgniter\CodeIgniter->run()
#13 /opt/lampp/htdocs/2026_ci4_biblioteca/system/Commands/Server/rewrite.php(47): require_once('...')
#14 {main}

Next CodeIgniter\Database\Exceptions\DatabaseException: No such file or directory in /opt/lampp/htdocs/2026_ci4_biblioteca/system/Database/MySQLi/Connection.php:229
Stack trace:
#0 /opt/lampp/htdocs/2026_ci4_biblioteca/system/Database/BaseConnection.php(392): CodeIgniter\Database\MySQLi\Connection->connect()
#1 /opt/lampp/htdocs/2026_ci4_biblioteca/system/Database/BaseConnection.php(575): CodeIgniter\Database\BaseConnection->initialize()
#2 /opt/lampp/htdocs/2026_ci4_biblioteca/system/Database/BaseBuilder.php(2307): CodeIgniter\Database\BaseConnection->query()
#3 /opt/lampp/htdocs/2026_ci4_biblioteca/system/Model.php(326): CodeIgniter\Database\BaseBuilder->insert()
#4 /opt/lampp/htdocs/2026_ci4_biblioteca/system/BaseModel.php(802): CodeIgniter\Model->doInsert()
#5 /opt/lampp/htdocs/2026_ci4_biblioteca/system/Model.php(744): CodeIgniter\BaseModel->insert()
#6 /opt/lampp/htdocs/2026_ci4_biblioteca/system/BaseModel.php(713): CodeIgniter\Model->insert()
#7 /opt/lampp/htdocs/2026_ci4_biblioteca/app/Controllers/AutorController.php(23): CodeIgniter\BaseModel->save()
#8 /opt/lampp/htdocs/2026_ci4_biblioteca/system/CodeIgniter.php(941): App\Controllers\AutorController->inserir()
#9 /opt/lampp/htdocs/2026_ci4_biblioteca/system/CodeIgniter.php(502): CodeIgniter\CodeIgniter->runController()
#10 /opt/lampp/htdocs/2026_ci4_biblioteca/system/CodeIgniter.php(361): CodeIgniter\CodeIgniter->handleRequest()
#11 /opt/lampp/htdocs/2026_ci4_biblioteca/public/index.php(79): CodeIgniter\CodeIgniter->run()
#12 /opt/lampp/htdocs/2026_ci4_biblioteca/system/Commands/Server/rewrite.php(47): require_once('...')
#13 {main}
CRITICAL - 2026-03-05 14:05:34 --> CodeIgniter\Database\Exceptions\DatabaseException: Unable to connect to the database.
Main connection [MySQLi]: No such file or directory
in SYSTEMPATH/Database/BaseConnection.php on line 428.
 1 SYSTEMPATH/Database/BaseConnection.php(575): CodeIgniter\Database\BaseConnection->initialize()
 2 SYSTEMPATH/Database/BaseBuilder.php(2307): CodeIgniter\Database\BaseConnection->query()
 3 SYSTEMPATH/Model.php(326): CodeIgniter\Database\BaseBuilder->insert()
 4 SYSTEMPATH/BaseModel.php(802): CodeIgniter\Model->doInsert()
 5 SYSTEMPATH/Model.php(744): CodeIgniter\BaseModel->insert()
 6 SYSTEMPATH/BaseModel.php(713): CodeIgniter\Model->insert()
 7 APPPATH/Controllers/AutorController.php(23): CodeIgniter\BaseModel->save()
 8 SYSTEMPATH/CodeIgniter.php(941): App\Controllers\AutorController->inserir()
 9 SYSTEMPATH/CodeIgniter.php(502): CodeIgniter\CodeIgniter->runController()
10 SYSTEMPATH/CodeIgniter.php(361): CodeIgniter\CodeIgniter->handleRequest()
11 FCPATH/index.php(79): CodeIgniter\CodeIgniter->run()
12 SYSTEMPATH/Commands/Server/rewrite.php(47): require_once('/opt/lampp/htdocs/2026_ci4_biblioteca/public/index.php')
CRITICAL - 2026-03-05 14:17:59 --> ErrorException: Undefined variable $autroes
in APPPATH/Views/autor/teste.php on line 18.
 1 APPPATH/Views/autor/teste.php(18): CodeIgniter\Debug\Exceptions->errorHandler()
 2 SYSTEMPATH/View/View.php(228): include('/opt/lampp/htdocs/2026_ci4_biblioteca/app/Views/autor/teste.php')
 3 SYSTEMPATH/View/View.php(231): CodeIgniter\View\View->CodeIgniter\View\{closure}()
 4 SYSTEMPATH/Common.php(1178): CodeIgniter\View\View->render()
 5 APPPATH/Controllers/AutorController.php(19): view()
 6 SYSTEMPATH/CodeIgniter.php(941): App\Controllers\AutorController->index()
 7 SYSTEMPATH/CodeIgniter.php(502): CodeIgniter\CodeIgniter->runController()
 8 SYSTEMPATH/CodeIgniter.php(361): CodeIgniter\CodeIgniter->handleRequest()
 9 FCPATH/index.php(79): CodeIgniter\CodeIgniter->run()
10 SYSTEMPATH/Commands/Server/rewrite.php(47): require_once('/opt/lampp/htdocs/2026_ci4_biblioteca/public/index.php')
CRITICAL - 2026-03-05 14:18:20 --> ErrorException: Undefined variable $autores
in APPPATH/Views/autor/teste.php on line 18.
 1 APPPATH/Views/autor/teste.php(18): CodeIgniter\Debug\Exceptions->errorHandler()
 2 SYSTEMPATH/View/View.php(228): include('/opt/lampp/htdocs/2026_ci4_biblioteca/app/Views/autor/teste.php')
 3 SYSTEMPATH/View/View.php(231): CodeIgniter\View\View->CodeIgniter\View\{closure}()
 4 SYSTEMPATH/Common.php(1178): CodeIgniter\View\View->render()
 5 APPPATH/Controllers/AutorController.php(19): view()
 6 SYSTEMPATH/CodeIgniter.php(941): App\Controllers\AutorController->index()
 7 SYSTEMPATH/CodeIgniter.php(502): CodeIgniter\CodeIgniter->runController()
 8 SYSTEMPATH/CodeIgniter.php(361): CodeIgniter\CodeIgniter->handleRequest()
 9 FCPATH/index.php(79): CodeIgniter\CodeIgniter->run()
10 SYSTEMPATH/Commands/Server/rewrite.php(47): require_once('/opt/lampp/htdocs/2026_ci4_biblioteca/public/index.php')
CRITICAL - 2026-03-05 14:20:26 --> ParseError: syntax error, unexpected token "[", expecting ";" or "{"
in APPPATH/Controllers/AutorController.php on line 28.
 1 SYSTEMPATH/Router/Router.php(514): CodeIgniter\Router\AutoRouter->getRoute()
 2 SYSTEMPATH/Router/Router.php(210): CodeIgniter\Router\Router->autoRoute()
 3 SYSTEMPATH/CodeIgniter.php(823): CodeIgniter\Router\Router->handle()
 4 SYSTEMPATH/CodeIgniter.php(450): CodeIgniter\CodeIgniter->tryToRouteIt()
 5 SYSTEMPATH/CodeIgniter.php(361): CodeIgniter\CodeIgniter->handleRequest()
 6 FCPATH/index.php(79): CodeIgniter\CodeIgniter->run()
 7 SYSTEMPATH/Commands/Server/rewrite.php(47): require_once('/opt/lampp/htdocs/2026_ci4_biblioteca/public/index.php')
CRITICAL - 2026-03-05 14:20:45 --> ErrorException: Undefined variable $autores
in APPPATH/Views/autor/teste.php on line 18.
 1 APPPATH/Views/autor/teste.php(18): CodeIgniter\Debug\Exceptions->errorHandler()
 2 SYSTEMPATH/View/View.php(228): include('/opt/lampp/htdocs/2026_ci4_biblioteca/app/Views/autor/teste.php')
 3 SYSTEMPATH/View/View.php(231): CodeIgniter\View\View->CodeIgniter\View\{closure}()
 4 SYSTEMPATH/Common.php(1178): CodeIgniter\View\View->render()
 5 APPPATH/Controllers/AutorController.php(19): view()
 6 SYSTEMPATH/CodeIgniter.php(941): App\Controllers\AutorController->index()
 7 SYSTEMPATH/CodeIgniter.php(502): CodeIgniter\CodeIgniter->runController()
 8 SYSTEMPATH/CodeIgniter.php(361): CodeIgniter\CodeIgniter->handleRequest()
 9 FCPATH/index.php(79): CodeIgniter\CodeIgniter->run()
10 SYSTEMPATH/Commands/Server/rewrite.php(47): require_once('/opt/lampp/htdocs/2026_ci4_biblioteca/public/index.php')
CRITICAL - 2026-03-05 14:20:48 --> ErrorException: Undefined variable $autores
in APPPATH/Views/autor/teste.php on line 18.
 1 APPPATH/Views/autor/teste.php(18): CodeIgniter\Debug\Exceptions->errorHandler()
 2 SYSTEMPATH/View/View.php(228): include('/opt/lampp/htdocs/2026_ci4_biblioteca/app/Views/autor/teste.php')
 3 SYSTEMPATH/View/View.php(231): CodeIgniter\View\View->CodeIgniter\View\{closure}()
 4 SYSTEMPATH/Common.php(1178): CodeIgniter\View\View->render()
 5 APPPATH/Controllers/AutorController.php(19): view()
 6 SYSTEMPATH/CodeIgniter.php(941): App\Controllers\AutorController->index()
 7 SYSTEMPATH/CodeIgniter.php(502): CodeIgniter\CodeIgniter->runController()
 8 SYSTEMPATH/CodeIgniter.php(361): CodeIgniter\CodeIgniter->handleRequest()
 9 FCPATH/index.php(79): CodeIgniter\CodeIgniter->run()
10 SYSTEMPATH/Commands/Server/rewrite.php(47): require_once('/opt/lampp/htdocs/2026_ci4_biblioteca/public/index.php')
CRITICAL - 2026-03-05 14:21:59 --> ErrorException: Undefined variable $autores
in APPPATH/Views/autor/teste.php on line 18.
 1 APPPATH/Views/autor/teste.php(18): CodeIgniter\Debug\Exceptions->errorHandler()
 2 SYSTEMPATH/View/View.php(228): include('/opt/lampp/htdocs/2026_ci4_biblioteca/app/Views/autor/teste.php')
 3 SYSTEMPATH/View/View.php(231): CodeIgniter\View\View->CodeIgniter\View\{closure}()
 4 SYSTEMPATH/Common.php(1178): CodeIgniter\View\View->render()
 5 APPPATH/Controllers/AutorController.php(19): view()
 6 SYSTEMPATH/CodeIgniter.php(941): App\Controllers\AutorController->index()
 7 SYSTEMPATH/CodeIgniter.php(502): CodeIgniter\CodeIgniter->runController()
 8 SYSTEMPATH/CodeIgniter.php(361): CodeIgniter\CodeIgniter->handleRequest()
 9 FCPATH/index.php(79): CodeIgniter\CodeIgniter->run()
10 SYSTEMPATH/Commands/Server/rewrite.php(47): require_once('/opt/lampp/htdocs/2026_ci4_biblioteca/public/index.php')
CRITICAL - 2026-03-05 14:22:02 --> ErrorException: Undefined variable $autores
in APPPATH/Views/autor/teste.php on line 18.
 1 APPPATH/Views/autor/teste.php(18): CodeIgniter\Debug\Exceptions->errorHandler()
 2 SYSTEMPATH/View/View.php(228): include('/opt/lampp/htdocs/2026_ci4_biblioteca/app/Views/autor/teste.php')
 3 SYSTEMPATH/View/View.php(231): CodeIgniter\View\View->CodeIgniter\View\{closure}()
 4 SYSTEMPATH/Common.php(1178): CodeIgniter\View\View->render()
 5 APPPATH/Controllers/AutorController.php(19): view()
 6 SYSTEMPATH/CodeIgniter.php(941): App\Controllers\AutorController->index()
 7 SYSTEMPATH/CodeIgniter.php(502): CodeIgniter\CodeIgniter->runController()
 8 SYSTEMPATH/CodeIgniter.php(361): CodeIgniter\CodeIgniter->handleRequest()
 9 FCPATH/index.php(79): CodeIgniter\CodeIgniter->run()
10 SYSTEMPATH/Commands/Server/rewrite.php(47): require_once('/opt/lampp/htdocs/2026_ci4_biblioteca/public/index.php')
CRITICAL - 2026-03-05 14:22:08 --> ErrorException: Undefined variable $autores
in APPPATH/Views/autor/teste.php on line 18.
 1 APPPATH/Views/autor/teste.php(18): CodeIgniter\Debug\Exceptions->errorHandler()
 2 SYSTEMPATH/View/View.php(228): include('/opt/lampp/htdocs/2026_ci4_biblioteca/app/Views/autor/teste.php')
 3 SYSTEMPATH/View/View.php(231): CodeIgniter\View\View->CodeIgniter\View\{closure}()
 4 SYSTEMPATH/Common.php(1178): CodeIgniter\View\View->render()
 5 APPPATH/Controllers/AutorController.php(19): view()
 6 SYSTEMPATH/CodeIgniter.php(941): App\Controllers\AutorController->index()
 7 SYSTEMPATH/CodeIgniter.php(502): CodeIgniter\CodeIgniter->runController()
 8 SYSTEMPATH/CodeIgniter.php(361): CodeIgniter\CodeIgniter->handleRequest()
 9 FCPATH/index.php(79): CodeIgniter\CodeIgniter->run()
10 SYSTEMPATH/Commands/Server/rewrite.php(47): require_once('/opt/lampp/htdocs/2026_ci4_biblioteca/public/index.php')
CRITICAL - 2026-03-05 14:25:12 --> Error: Call to undefined function App\Controllers\listar()
in APPPATH/Controllers/AutorController.php on line 18.
 1 SYSTEMPATH/CodeIgniter.php(941): App\Controllers\AutorController->index()
 2 SYSTEMPATH/CodeIgniter.php(502): CodeIgniter\CodeIgniter->runController()
 3 SYSTEMPATH/CodeIgniter.php(361): CodeIgniter\CodeIgniter->handleRequest()
 4 FCPATH/index.php(79): CodeIgniter\CodeIgniter->run()
 5 SYSTEMPATH/Commands/Server/rewrite.php(47): require_once('/opt/lampp/htdocs/2026_ci4_biblioteca/public/index.php')
