CRITICAL - 2026-04-16 14:00:03 --> Error: Undefined constant "obra"
in APPPATH/Views/obra/edit.php on line 20.
 1 SYSTEMPATH/View/View.php(228): include()
 2 SYSTEMPATH/View/View.php(231): CodeIgniter\View\View->CodeIgniter\View\{closure}()
 3 SYSTEMPATH/Common.php(1178): CodeIgniter\View\View->render()
 4 APPPATH/Controllers/ObraController.php(41): view()
 5 SYSTEMPATH/CodeIgniter.php(941): App\Controllers\ObraController->editar()
 6 SYSTEMPATH/CodeIgniter.php(502): CodeIgniter\CodeIgniter->runController()
 7 SYSTEMPATH/CodeIgniter.php(361): CodeIgniter\CodeIgniter->handleRequest()
 8 FCPATH/index.php(79): CodeIgniter\CodeIgniter->run()
 9 SYSTEMPATH/Commands/Server/rewrite.php(47): require_once('/opt/lampp/htdocs/2026_ci4_biblioteca/public/index.php')
CRITICAL - 2026-04-16 14:00:04 --> Error: Undefined constant "obra"
in APPPATH/Views/obra/edit.php on line 20.
 1 SYSTEMPATH/View/View.php(228): include()
 2 SYSTEMPATH/View/View.php(231): CodeIgniter\View\View->CodeIgniter\View\{closure}()
 3 SYSTEMPATH/Common.php(1178): CodeIgniter\View\View->render()
 4 APPPATH/Controllers/ObraController.php(41): view()
 5 SYSTEMPATH/CodeIgniter.php(941): App\Controllers\ObraController->editar()
 6 SYSTEMPATH/CodeIgniter.php(502): CodeIgniter\CodeIgniter->runController()
 7 SYSTEMPATH/CodeIgniter.php(361): CodeIgniter\CodeIgniter->handleRequest()
 8 FCPATH/index.php(79): CodeIgniter\CodeIgniter->run()
 9 SYSTEMPATH/Commands/Server/rewrite.php(47): require_once('/opt/lampp/htdocs/2026_ci4_biblioteca/public/index.php')
CRITICAL - 2026-04-16 14:00:48 --> Error: Undefined constant "obra"
in APPPATH/Views/obra/edit.php on line 20.
 1 SYSTEMPATH/View/View.php(228): include()
 2 SYSTEMPATH/View/View.php(231): CodeIgniter\View\View->CodeIgniter\View\{closure}()
 3 SYSTEMPATH/Common.php(1178): CodeIgniter\View\View->render()
 4 APPPATH/Controllers/ObraController.php(41): view()
 5 SYSTEMPATH/CodeIgniter.php(941): App\Controllers\ObraController->editar()
 6 SYSTEMPATH/CodeIgniter.php(502): CodeIgniter\CodeIgniter->runController()
 7 SYSTEMPATH/CodeIgniter.php(361): CodeIgniter\CodeIgniter->handleRequest()
 8 FCPATH/index.php(79): CodeIgniter\CodeIgniter->run()
 9 SYSTEMPATH/Commands/Server/rewrite.php(47): require_once('/opt/lampp/htdocs/2026_ci4_biblioteca/public/index.php')
