CRITICAL - 2026-05-28 12:33:36 --> ErrorException: Undefined variable $genero
in APPPATH/Controllers/LivroController.php on line 27.
 1 APPPATH/Controllers/LivroController.php(27): CodeIgniter\Debug\Exceptions->errorHandler()
 2 SYSTEMPATH/CodeIgniter.php(941): App\Controllers\LivroController->index()
 3 SYSTEMPATH/CodeIgniter.php(502): CodeIgniter\CodeIgniter->runController()
 4 SYSTEMPATH/CodeIgniter.php(361): CodeIgniter\CodeIgniter->handleRequest()
 5 FCPATH/index.php(79): CodeIgniter\CodeIgniter->run()
 6 SYSTEMPATH/Commands/Server/rewrite.php(47): require_once('/opt/lampp/htdocs/2026_ci4_biblioteca/public/index.php')
CRITICAL - 2026-05-28 12:33:53 --> CodeIgniter\View\Exceptions\ViewException: Invalid file: "livro\index.php"
in SYSTEMPATH/Exceptions/FrameworkException.php on line 39.
 1 SYSTEMPATH/View/View.php(216): CodeIgniter\Exceptions\FrameworkException::forInvalidFile()
 2 SYSTEMPATH/Common.php(1178): CodeIgniter\View\View->render()
 3 APPPATH/Controllers/LivroController.php(27): view()
 4 SYSTEMPATH/CodeIgniter.php(941): App\Controllers\LivroController->index()
 5 SYSTEMPATH/CodeIgniter.php(502): CodeIgniter\CodeIgniter->runController()
 6 SYSTEMPATH/CodeIgniter.php(361): CodeIgniter\CodeIgniter->handleRequest()
 7 FCPATH/index.php(79): CodeIgniter\CodeIgniter->run()
 8 SYSTEMPATH/Commands/Server/rewrite.php(47): require_once('/opt/lampp/htdocs/2026_ci4_biblioteca/public/index.php')
CRITICAL - 2026-05-28 13:27:38 --> CodeIgniter\View\Exceptions\ViewException: Invalid file: "livro\index.php"
in SYSTEMPATH/Exceptions/FrameworkException.php on line 39.
 1 SYSTEMPATH/View/View.php(216): CodeIgniter\Exceptions\FrameworkException::forInvalidFile()
 2 SYSTEMPATH/Common.php(1178): CodeIgniter\View\View->render()
 3 APPPATH/Controllers/LivroController.php(27): view()
 4 SYSTEMPATH/CodeIgniter.php(941): App\Controllers\LivroController->index()
 5 SYSTEMPATH/CodeIgniter.php(502): CodeIgniter\CodeIgniter->runController()
 6 SYSTEMPATH/CodeIgniter.php(361): CodeIgniter\CodeIgniter->handleRequest()
 7 FCPATH/index.php(79): CodeIgniter\CodeIgniter->run()
 8 SYSTEMPATH/Commands/Server/rewrite.php(47): require_once('/opt/lampp/htdocs/2026_ci4_biblioteca/public/index.php')
CRITICAL - 2026-05-28 13:32:50 --> CodeIgniter\View\Exceptions\ViewException: Invalid file: "livro\index.php"
in SYSTEMPATH/Exceptions/FrameworkException.php on line 39.
 1 SYSTEMPATH/View/View.php(216): CodeIgniter\Exceptions\FrameworkException::forInvalidFile()
 2 SYSTEMPATH/Common.php(1178): CodeIgniter\View\View->render()
 3 APPPATH/Controllers/LivroController.php(27): view()
 4 SYSTEMPATH/CodeIgniter.php(941): App\Controllers\LivroController->index()
 5 SYSTEMPATH/CodeIgniter.php(502): CodeIgniter\CodeIgniter->runController()
 6 SYSTEMPATH/CodeIgniter.php(361): CodeIgniter\CodeIgniter->handleRequest()
 7 FCPATH/index.php(79): CodeIgniter\CodeIgniter->run()
 8 SYSTEMPATH/Commands/Server/rewrite.php(47): require_once('/opt/lampp/htdocs/2026_ci4_biblioteca/public/index.php')
CRITICAL - 2026-05-28 13:34:11 --> CodeIgniter\View\Exceptions\ViewException: Invalid file: "livro\index.php"
in SYSTEMPATH/Exceptions/FrameworkException.php on line 39.
 1 SYSTEMPATH/View/View.php(216): CodeIgniter\Exceptions\FrameworkException::forInvalidFile()
 2 SYSTEMPATH/Common.php(1178): CodeIgniter\View\View->render()
 3 APPPATH/Controllers/LivroController.php(27): view()
 4 SYSTEMPATH/CodeIgniter.php(941): App\Controllers\LivroController->index()
 5 SYSTEMPATH/CodeIgniter.php(502): CodeIgniter\CodeIgniter->runController()
 6 SYSTEMPATH/CodeIgniter.php(361): CodeIgniter\CodeIgniter->handleRequest()
 7 FCPATH/index.php(79): CodeIgniter\CodeIgniter->run()
 8 SYSTEMPATH/Commands/Server/rewrite.php(47): require_once('/opt/lampp/htdocs/2026_ci4_biblioteca/public/index.php')
CRITICAL - 2026-05-28 13:49:52 --> CodeIgniter\View\Exceptions\ViewException: Invalid file: "livro\index.php"
in SYSTEMPATH/Exceptions/FrameworkException.php on line 39.
 1 SYSTEMPATH/View/View.php(216): CodeIgniter\Exceptions\FrameworkException::forInvalidFile()
 2 SYSTEMPATH/Common.php(1178): CodeIgniter\View\View->render()
 3 APPPATH/Controllers/LivroController.php(27): view()
 4 SYSTEMPATH/CodeIgniter.php(941): App\Controllers\LivroController->index()
 5 SYSTEMPATH/CodeIgniter.php(502): CodeIgniter\CodeIgniter->runController()
 6 SYSTEMPATH/CodeIgniter.php(361): CodeIgniter\CodeIgniter->handleRequest()
 7 FCPATH/index.php(79): CodeIgniter\CodeIgniter->run()
 8 SYSTEMPATH/Commands/Server/rewrite.php(47): require_once('/opt/lampp/htdocs/2026_ci4_biblioteca/public/index.php')
CRITICAL - 2026-05-28 13:49:53 --> CodeIgniter\View\Exceptions\ViewException: Invalid file: "livro\index.php"
in SYSTEMPATH/Exceptions/FrameworkException.php on line 39.
 1 SYSTEMPATH/View/View.php(216): CodeIgniter\Exceptions\FrameworkException::forInvalidFile()
 2 SYSTEMPATH/Common.php(1178): CodeIgniter\View\View->render()
 3 APPPATH/Controllers/LivroController.php(27): view()
 4 SYSTEMPATH/CodeIgniter.php(941): App\Controllers\LivroController->index()
 5 SYSTEMPATH/CodeIgniter.php(502): CodeIgniter\CodeIgniter->runController()
 6 SYSTEMPATH/CodeIgniter.php(361): CodeIgniter\CodeIgniter->handleRequest()
 7 FCPATH/index.php(79): CodeIgniter\CodeIgniter->run()
 8 SYSTEMPATH/Commands/Server/rewrite.php(47): require_once('/opt/lampp/htdocs/2026_ci4_biblioteca/public/index.php')
CRITICAL - 2026-05-28 13:50:58 --> ErrorException: Undefined array key "nome"
in APPPATH/Views/livro/index.php on line 15.
 1 APPPATH/Views/livro/index.php(15): CodeIgniter\Debug\Exceptions->errorHandler()
 2 SYSTEMPATH/View/View.php(228): include('/opt/lampp/htdocs/2026_ci4_biblioteca/app/Views/livro/index.php')
 3 SYSTEMPATH/View/View.php(231): CodeIgniter\View\View->CodeIgniter\View\{closure}()
 4 SYSTEMPATH/Common.php(1178): CodeIgniter\View\View->render()
 5 APPPATH/Controllers/LivroController.php(27): view()
 6 SYSTEMPATH/CodeIgniter.php(941): App\Controllers\LivroController->index()
 7 SYSTEMPATH/CodeIgniter.php(502): CodeIgniter\CodeIgniter->runController()
 8 SYSTEMPATH/CodeIgniter.php(361): CodeIgniter\CodeIgniter->handleRequest()
 9 FCPATH/index.php(79): CodeIgniter\CodeIgniter->run()
10 SYSTEMPATH/Commands/Server/rewrite.php(47): require_once('/opt/lampp/htdocs/2026_ci4_biblioteca/public/index.php')
CRITICAL - 2026-05-28 13:51:53 --> ErrorException: Undefined variable $Livros
in APPPATH/Views/livro/index.php on line 28.
 1 APPPATH/Views/livro/index.php(28): CodeIgniter\Debug\Exceptions->errorHandler()
 2 SYSTEMPATH/View/View.php(228): include('/opt/lampp/htdocs/2026_ci4_biblioteca/app/Views/livro/index.php')
 3 SYSTEMPATH/View/View.php(231): CodeIgniter\View\View->CodeIgniter\View\{closure}()
 4 SYSTEMPATH/Common.php(1178): CodeIgniter\View\View->render()
 5 APPPATH/Controllers/LivroController.php(27): view()
 6 SYSTEMPATH/CodeIgniter.php(941): App\Controllers\LivroController->index()
 7 SYSTEMPATH/CodeIgniter.php(502): CodeIgniter\CodeIgniter->runController()
 8 SYSTEMPATH/CodeIgniter.php(361): CodeIgniter\CodeIgniter->handleRequest()
 9 FCPATH/index.php(79): CodeIgniter\CodeIgniter->run()
10 SYSTEMPATH/Commands/Server/rewrite.php(47): require_once('/opt/lampp/htdocs/2026_ci4_biblioteca/public/index.php')
CRITICAL - 2026-05-28 14:12:02 --> ParseError: syntax error, unexpected end of file
in APPPATH/Views/livro/index.php on line 68.
 1 SYSTEMPATH/View/View.php(231): CodeIgniter\View\View->CodeIgniter\View\{closure}()
 2 SYSTEMPATH/Common.php(1178): CodeIgniter\View\View->render()
 3 APPPATH/Controllers/LivroController.php(27): view()
 4 SYSTEMPATH/CodeIgniter.php(941): App\Controllers\LivroController->index()
 5 SYSTEMPATH/CodeIgniter.php(502): CodeIgniter\CodeIgniter->runController()
 6 SYSTEMPATH/CodeIgniter.php(361): CodeIgniter\CodeIgniter->handleRequest()
 7 FCPATH/index.php(79): CodeIgniter\CodeIgniter->run()
 8 SYSTEMPATH/Commands/Server/rewrite.php(47): require_once('/opt/lampp/htdocs/2026_ci4_biblioteca/public/index.php')
CRITICAL - 2026-05-28 14:13:16 --> ErrorException: Undefined variable $editora
in APPPATH/Views/livro/index.php on line 20.
 1 APPPATH/Views/livro/index.php(20): CodeIgniter\Debug\Exceptions->errorHandler()
 2 SYSTEMPATH/View/View.php(228): include('/opt/lampp/htdocs/2026_ci4_biblioteca/app/Views/livro/index.php')
 3 SYSTEMPATH/View/View.php(231): CodeIgniter\View\View->CodeIgniter\View\{closure}()
 4 SYSTEMPATH/Common.php(1178): CodeIgniter\View\View->render()
 5 APPPATH/Controllers/LivroController.php(27): view()
 6 SYSTEMPATH/CodeIgniter.php(941): App\Controllers\LivroController->index()
 7 SYSTEMPATH/CodeIgniter.php(502): CodeIgniter\CodeIgniter->runController()
 8 SYSTEMPATH/CodeIgniter.php(361): CodeIgniter\CodeIgniter->handleRequest()
 9 FCPATH/index.php(79): CodeIgniter\CodeIgniter->run()
10 SYSTEMPATH/Commands/Server/rewrite.php(47): require_once('/opt/lampp/htdocs/2026_ci4_biblioteca/public/index.php')
CRITICAL - 2026-05-28 14:16:19 --> ErrorException: Undefined variable $editora
in APPPATH/Views/livro/index.php on line 20.
 1 APPPATH/Views/livro/index.php(20): CodeIgniter\Debug\Exceptions->errorHandler()
 2 SYSTEMPATH/View/View.php(228): include('/opt/lampp/htdocs/2026_ci4_biblioteca/app/Views/livro/index.php')
 3 SYSTEMPATH/View/View.php(231): CodeIgniter\View\View->CodeIgniter\View\{closure}()
 4 SYSTEMPATH/Common.php(1178): CodeIgniter\View\View->render()
 5 APPPATH/Controllers/LivroController.php(27): view()
 6 SYSTEMPATH/CodeIgniter.php(941): App\Controllers\LivroController->index()
 7 SYSTEMPATH/CodeIgniter.php(502): CodeIgniter\CodeIgniter->runController()
 8 SYSTEMPATH/CodeIgniter.php(361): CodeIgniter\CodeIgniter->handleRequest()
 9 FCPATH/index.php(79): CodeIgniter\CodeIgniter->run()
10 SYSTEMPATH/Commands/Server/rewrite.php(47): require_once('/opt/lampp/htdocs/2026_ci4_biblioteca/public/index.php')
CRITICAL - 2026-05-28 14:16:21 --> ErrorException: Undefined variable $editora
in APPPATH/Views/livro/index.php on line 20.
 1 APPPATH/Views/livro/index.php(20): CodeIgniter\Debug\Exceptions->errorHandler()
 2 SYSTEMPATH/View/View.php(228): include('/opt/lampp/htdocs/2026_ci4_biblioteca/app/Views/livro/index.php')
 3 SYSTEMPATH/View/View.php(231): CodeIgniter\View\View->CodeIgniter\View\{closure}()
 4 SYSTEMPATH/Common.php(1178): CodeIgniter\View\View->render()
 5 APPPATH/Controllers/LivroController.php(27): view()
 6 SYSTEMPATH/CodeIgniter.php(941): App\Controllers\LivroController->index()
 7 SYSTEMPATH/CodeIgniter.php(502): CodeIgniter\CodeIgniter->runController()
 8 SYSTEMPATH/CodeIgniter.php(361): CodeIgniter\CodeIgniter->handleRequest()
 9 FCPATH/index.php(79): CodeIgniter\CodeIgniter->run()
10 SYSTEMPATH/Commands/Server/rewrite.php(47): require_once('/opt/lampp/htdocs/2026_ci4_biblioteca/public/index.php')
CRITICAL - 2026-05-28 14:16:23 --> ErrorException: Undefined variable $editora
in APPPATH/Views/livro/index.php on line 20.
 1 APPPATH/Views/livro/index.php(20): CodeIgniter\Debug\Exceptions->errorHandler()
 2 SYSTEMPATH/View/View.php(228): include('/opt/lampp/htdocs/2026_ci4_biblioteca/app/Views/livro/index.php')
 3 SYSTEMPATH/View/View.php(231): CodeIgniter\View\View->CodeIgniter\View\{closure}()
 4 SYSTEMPATH/Common.php(1178): CodeIgniter\View\View->render()
 5 APPPATH/Controllers/LivroController.php(27): view()
 6 SYSTEMPATH/CodeIgniter.php(941): App\Controllers\LivroController->index()
 7 SYSTEMPATH/CodeIgniter.php(502): CodeIgniter\CodeIgniter->runController()
 8 SYSTEMPATH/CodeIgniter.php(361): CodeIgniter\CodeIgniter->handleRequest()
 9 FCPATH/index.php(79): CodeIgniter\CodeIgniter->run()
10 SYSTEMPATH/Commands/Server/rewrite.php(47): require_once('/opt/lampp/htdocs/2026_ci4_biblioteca/public/index.php')
CRITICAL - 2026-05-28 14:19:03 --> CodeIgniter\View\Exceptions\ViewException: Invalid file: "editora/edit.php"
in SYSTEMPATH/Exceptions/FrameworkException.php on line 39.
 1 SYSTEMPATH/View/View.php(216): CodeIgniter\Exceptions\FrameworkException::forInvalidFile()
 2 SYSTEMPATH/Common.php(1178): CodeIgniter\View\View->render()
 3 APPPATH/Controllers/EditoraController.php(47): view()
 4 SYSTEMPATH/CodeIgniter.php(941): App\Controllers\EditoraController->editar()
 5 SYSTEMPATH/CodeIgniter.php(502): CodeIgniter\CodeIgniter->runController()
 6 SYSTEMPATH/CodeIgniter.php(361): CodeIgniter\CodeIgniter->handleRequest()
 7 FCPATH/index.php(79): CodeIgniter\CodeIgniter->run()
 8 SYSTEMPATH/Commands/Server/rewrite.php(47): require_once('/opt/lampp/htdocs/2026_ci4_biblioteca/public/index.php')
CRITICAL - 2026-05-28 14:22:01 --> ErrorException: Undefined variable $Genero
in APPPATH/Controllers/LivroController.php on line 52.
 1 APPPATH/Controllers/LivroController.php(52): CodeIgniter\Debug\Exceptions->errorHandler()
 2 SYSTEMPATH/CodeIgniter.php(941): App\Controllers\LivroController->editar()
 3 SYSTEMPATH/CodeIgniter.php(502): CodeIgniter\CodeIgniter->runController()
 4 SYSTEMPATH/CodeIgniter.php(361): CodeIgniter\CodeIgniter->handleRequest()
 5 FCPATH/index.php(79): CodeIgniter\CodeIgniter->run()
 6 SYSTEMPATH/Commands/Server/rewrite.php(47): require_once('/opt/lampp/htdocs/2026_ci4_biblioteca/public/index.php')
CRITICAL - 2026-05-28 14:25:04 --> CodeIgniter\View\Exceptions\ViewException: Invalid file: "livro\edit.php"
in SYSTEMPATH/Exceptions/FrameworkException.php on line 39.
 1 SYSTEMPATH/View/View.php(216): CodeIgniter\Exceptions\FrameworkException::forInvalidFile()
 2 SYSTEMPATH/Common.php(1178): CodeIgniter\View\View->render()
 3 APPPATH/Controllers/LivroController.php(52): view()
 4 SYSTEMPATH/CodeIgniter.php(941): App\Controllers\LivroController->editar()
 5 SYSTEMPATH/CodeIgniter.php(502): CodeIgniter\CodeIgniter->runController()
 6 SYSTEMPATH/CodeIgniter.php(361): CodeIgniter\CodeIgniter->handleRequest()
 7 FCPATH/index.php(79): CodeIgniter\CodeIgniter->run()
 8 SYSTEMPATH/Commands/Server/rewrite.php(47): require_once('/opt/lampp/htdocs/2026_ci4_biblioteca/public/index.php')
CRITICAL - 2026-05-28 14:25:26 --> Error: Undefined constant "Livro"
in APPPATH/Views/livro/edit.php on line 1.
 1 SYSTEMPATH/View/View.php(228): include()
 2 SYSTEMPATH/View/View.php(231): CodeIgniter\View\View->CodeIgniter\View\{closure}()
 3 SYSTEMPATH/Common.php(1178): CodeIgniter\View\View->render()
 4 APPPATH/Controllers/LivroController.php(52): view()
 5 SYSTEMPATH/CodeIgniter.php(941): App\Controllers\LivroController->editar()
 6 SYSTEMPATH/CodeIgniter.php(502): CodeIgniter\CodeIgniter->runController()
 7 SYSTEMPATH/CodeIgniter.php(361): CodeIgniter\CodeIgniter->handleRequest()
 8 FCPATH/index.php(79): CodeIgniter\CodeIgniter->run()
 9 SYSTEMPATH/Commands/Server/rewrite.php(47): require_once('/opt/lampp/htdocs/2026_ci4_biblioteca/public/index.php')
