CRITICAL - 2026-05-14 12:16:12 --> ErrorException: Undefined array key "id"
in APPPATH/Views/usuario/index.php on line 78.
 1 APPPATH/Views/usuario/index.php(78): CodeIgniter\Debug\Exceptions->errorHandler()
 2 SYSTEMPATH/View/View.php(228): include('/opt/lampp/htdocs/2026_ci4_biblioteca/app/Views/usuario/index.php')
 3 SYSTEMPATH/View/View.php(231): CodeIgniter\View\View->CodeIgniter\View\{closure}()
 4 SYSTEMPATH/Common.php(1178): CodeIgniter\View\View->render()
 5 APPPATH/Controllers/UsuarioController.php(21): view()
 6 SYSTEMPATH/CodeIgniter.php(941): App\Controllers\UsuarioController->index()
 7 SYSTEMPATH/CodeIgniter.php(502): CodeIgniter\CodeIgniter->runController()
 8 SYSTEMPATH/CodeIgniter.php(361): CodeIgniter\CodeIgniter->handleRequest()
 9 FCPATH/index.php(79): CodeIgniter\CodeIgniter->run()
10 SYSTEMPATH/Commands/Server/rewrite.php(47): require_once('/opt/lampp/htdocs/2026_ci4_biblioteca/public/index.php')
CRITICAL - 2026-05-14 12:16:39 --> ErrorException: Undefined array key "id"
in APPPATH/Views/usuario/index.php on line 78.
 1 APPPATH/Views/usuario/index.php(78): CodeIgniter\Debug\Exceptions->errorHandler()
 2 SYSTEMPATH/View/View.php(228): include('/opt/lampp/htdocs/2026_ci4_biblioteca/app/Views/usuario/index.php')
 3 SYSTEMPATH/View/View.php(231): CodeIgniter\View\View->CodeIgniter\View\{closure}()
 4 SYSTEMPATH/Common.php(1178): CodeIgniter\View\View->render()
 5 APPPATH/Controllers/UsuarioController.php(21): view()
 6 SYSTEMPATH/CodeIgniter.php(941): App\Controllers\UsuarioController->index()
 7 SYSTEMPATH/CodeIgniter.php(502): CodeIgniter\CodeIgniter->runController()
 8 SYSTEMPATH/CodeIgniter.php(361): CodeIgniter\CodeIgniter->handleRequest()
 9 FCPATH/index.php(79): CodeIgniter\CodeIgniter->run()
10 SYSTEMPATH/Commands/Server/rewrite.php(47): require_once('/opt/lampp/htdocs/2026_ci4_biblioteca/public/index.php')
CRITICAL - 2026-05-14 12:16:42 --> ErrorException: Undefined array key "id"
in APPPATH/Views/usuario/index.php on line 78.
 1 APPPATH/Views/usuario/index.php(78): CodeIgniter\Debug\Exceptions->errorHandler()
 2 SYSTEMPATH/View/View.php(228): include('/opt/lampp/htdocs/2026_ci4_biblioteca/app/Views/usuario/index.php')
 3 SYSTEMPATH/View/View.php(231): CodeIgniter\View\View->CodeIgniter\View\{closure}()
 4 SYSTEMPATH/Common.php(1178): CodeIgniter\View\View->render()
 5 APPPATH/Controllers/UsuarioController.php(21): view()
 6 SYSTEMPATH/CodeIgniter.php(941): App\Controllers\UsuarioController->index()
 7 SYSTEMPATH/CodeIgniter.php(502): CodeIgniter\CodeIgniter->runController()
 8 SYSTEMPATH/CodeIgniter.php(361): CodeIgniter\CodeIgniter->handleRequest()
 9 FCPATH/index.php(79): CodeIgniter\CodeIgniter->run()
10 SYSTEMPATH/Commands/Server/rewrite.php(47): require_once('/opt/lampp/htdocs/2026_ci4_biblioteca/public/index.php')
CRITICAL - 2026-05-14 12:17:03 --> ErrorException: Undefined array key "id"
in APPPATH/Views/usuario/index.php on line 78.
 1 APPPATH/Views/usuario/index.php(78): CodeIgniter\Debug\Exceptions->errorHandler()
 2 SYSTEMPATH/View/View.php(228): include('/opt/lampp/htdocs/2026_ci4_biblioteca/app/Views/usuario/index.php')
 3 SYSTEMPATH/View/View.php(231): CodeIgniter\View\View->CodeIgniter\View\{closure}()
 4 SYSTEMPATH/Common.php(1178): CodeIgniter\View\View->render()
 5 APPPATH/Controllers/UsuarioController.php(21): view()
 6 SYSTEMPATH/CodeIgniter.php(941): App\Controllers\UsuarioController->index()
 7 SYSTEMPATH/CodeIgniter.php(502): CodeIgniter\CodeIgniter->runController()
 8 SYSTEMPATH/CodeIgniter.php(361): CodeIgniter\CodeIgniter->handleRequest()
 9 FCPATH/index.php(79): CodeIgniter\CodeIgniter->run()
10 SYSTEMPATH/Commands/Server/rewrite.php(47): require_once('/opt/lampp/htdocs/2026_ci4_biblioteca/public/index.php')
CRITICAL - 2026-05-14 12:17:24 --> ErrorException: Undefined array key "id"
in APPPATH/Views/usuario/index.php on line 78.
 1 APPPATH/Views/usuario/index.php(78): CodeIgniter\Debug\Exceptions->errorHandler()
 2 SYSTEMPATH/View/View.php(228): include('/opt/lampp/htdocs/2026_ci4_biblioteca/app/Views/usuario/index.php')
 3 SYSTEMPATH/View/View.php(231): CodeIgniter\View\View->CodeIgniter\View\{closure}()
 4 SYSTEMPATH/Common.php(1178): CodeIgniter\View\View->render()
 5 APPPATH/Controllers/UsuarioController.php(21): view()
 6 SYSTEMPATH/CodeIgniter.php(941): App\Controllers\UsuarioController->index()
 7 SYSTEMPATH/CodeIgniter.php(502): CodeIgniter\CodeIgniter->runController()
 8 SYSTEMPATH/CodeIgniter.php(361): CodeIgniter\CodeIgniter->handleRequest()
 9 FCPATH/index.php(79): CodeIgniter\CodeIgniter->run()
10 SYSTEMPATH/Commands/Server/rewrite.php(47): require_once('/opt/lampp/htdocs/2026_ci4_biblioteca/public/index.php')
CRITICAL - 2026-05-14 12:17:25 --> ErrorException: Undefined array key "id"
in APPPATH/Views/usuario/index.php on line 78.
 1 APPPATH/Views/usuario/index.php(78): CodeIgniter\Debug\Exceptions->errorHandler()
 2 SYSTEMPATH/View/View.php(228): include('/opt/lampp/htdocs/2026_ci4_biblioteca/app/Views/usuario/index.php')
 3 SYSTEMPATH/View/View.php(231): CodeIgniter\View\View->CodeIgniter\View\{closure}()
 4 SYSTEMPATH/Common.php(1178): CodeIgniter\View\View->render()
 5 APPPATH/Controllers/UsuarioController.php(21): view()
 6 SYSTEMPATH/CodeIgniter.php(941): App\Controllers\UsuarioController->index()
 7 SYSTEMPATH/CodeIgniter.php(502): CodeIgniter\CodeIgniter->runController()
 8 SYSTEMPATH/CodeIgniter.php(361): CodeIgniter\CodeIgniter->handleRequest()
 9 FCPATH/index.php(79): CodeIgniter\CodeIgniter->run()
10 SYSTEMPATH/Commands/Server/rewrite.php(47): require_once('/opt/lampp/htdocs/2026_ci4_biblioteca/public/index.php')
CRITICAL - 2026-05-14 12:17:25 --> ErrorException: Undefined array key "id"
in APPPATH/Views/usuario/index.php on line 78.
 1 APPPATH/Views/usuario/index.php(78): CodeIgniter\Debug\Exceptions->errorHandler()
 2 SYSTEMPATH/View/View.php(228): include('/opt/lampp/htdocs/2026_ci4_biblioteca/app/Views/usuario/index.php')
 3 SYSTEMPATH/View/View.php(231): CodeIgniter\View\View->CodeIgniter\View\{closure}()
 4 SYSTEMPATH/Common.php(1178): CodeIgniter\View\View->render()
 5 APPPATH/Controllers/UsuarioController.php(21): view()
 6 SYSTEMPATH/CodeIgniter.php(941): App\Controllers\UsuarioController->index()
 7 SYSTEMPATH/CodeIgniter.php(502): CodeIgniter\CodeIgniter->runController()
 8 SYSTEMPATH/CodeIgniter.php(361): CodeIgniter\CodeIgniter->handleRequest()
 9 FCPATH/index.php(79): CodeIgniter\CodeIgniter->run()
10 SYSTEMPATH/Commands/Server/rewrite.php(47): require_once('/opt/lampp/htdocs/2026_ci4_biblioteca/public/index.php')
CRITICAL - 2026-05-14 12:17:26 --> ErrorException: Undefined array key "id"
in APPPATH/Views/usuario/index.php on line 78.
 1 APPPATH/Views/usuario/index.php(78): CodeIgniter\Debug\Exceptions->errorHandler()
 2 SYSTEMPATH/View/View.php(228): include('/opt/lampp/htdocs/2026_ci4_biblioteca/app/Views/usuario/index.php')
 3 SYSTEMPATH/View/View.php(231): CodeIgniter\View\View->CodeIgniter\View\{closure}()
 4 SYSTEMPATH/Common.php(1178): CodeIgniter\View\View->render()
 5 APPPATH/Controllers/UsuarioController.php(21): view()
 6 SYSTEMPATH/CodeIgniter.php(941): App\Controllers\UsuarioController->index()
 7 SYSTEMPATH/CodeIgniter.php(502): CodeIgniter\CodeIgniter->runController()
 8 SYSTEMPATH/CodeIgniter.php(361): CodeIgniter\CodeIgniter->handleRequest()
 9 FCPATH/index.php(79): CodeIgniter\CodeIgniter->run()
10 SYSTEMPATH/Commands/Server/rewrite.php(47): require_once('/opt/lampp/htdocs/2026_ci4_biblioteca/public/index.php')
CRITICAL - 2026-05-14 12:17:31 --> ErrorException: Undefined array key "id"
in APPPATH/Views/usuario/index.php on line 78.
 1 APPPATH/Views/usuario/index.php(78): CodeIgniter\Debug\Exceptions->errorHandler()
 2 SYSTEMPATH/View/View.php(228): include('/opt/lampp/htdocs/2026_ci4_biblioteca/app/Views/usuario/index.php')
 3 SYSTEMPATH/View/View.php(231): CodeIgniter\View\View->CodeIgniter\View\{closure}()
 4 SYSTEMPATH/Common.php(1178): CodeIgniter\View\View->render()
 5 APPPATH/Controllers/UsuarioController.php(21): view()
 6 SYSTEMPATH/CodeIgniter.php(941): App\Controllers\UsuarioController->index()
 7 SYSTEMPATH/CodeIgniter.php(502): CodeIgniter\CodeIgniter->runController()
 8 SYSTEMPATH/CodeIgniter.php(361): CodeIgniter\CodeIgniter->handleRequest()
 9 FCPATH/index.php(79): CodeIgniter\CodeIgniter->run()
10 SYSTEMPATH/Commands/Server/rewrite.php(47): require_once('/opt/lampp/htdocs/2026_ci4_biblioteca/public/index.php')
ERROR - 2026-05-14 12:18:41 --> mysqli_sql_exception: Unknown column 'usuario.id' in 'where clause' in /opt/lampp/htdocs/2026_ci4_biblioteca/system/Database/MySQLi/Connection.php:306
Stack trace:
#0 /opt/lampp/htdocs/2026_ci4_biblioteca/system/Database/MySQLi/Connection.php(306): mysqli->query()
#1 /opt/lampp/htdocs/2026_ci4_biblioteca/system/Database/BaseConnection.php(693): CodeIgniter\Database\MySQLi\Connection->execute()
#2 /opt/lampp/htdocs/2026_ci4_biblioteca/system/Database/BaseConnection.php(607): CodeIgniter\Database\BaseConnection->simpleQuery()
#3 /opt/lampp/htdocs/2026_ci4_biblioteca/system/Database/BaseBuilder.php(1616): CodeIgniter\Database\BaseConnection->query()
#4 /opt/lampp/htdocs/2026_ci4_biblioteca/system/Model.php(199): CodeIgniter\Database\BaseBuilder->get()
#5 /opt/lampp/htdocs/2026_ci4_biblioteca/system/BaseModel.php(577): CodeIgniter\Model->doFind()
#6 /opt/lampp/htdocs/2026_ci4_biblioteca/app/Controllers/UsuarioController.php(36): CodeIgniter\BaseModel->find()
#7 /opt/lampp/htdocs/2026_ci4_biblioteca/app/Controllers/UsuarioController.php(41): App\Controllers\UsuarioController->procurar()
#8 /opt/lampp/htdocs/2026_ci4_biblioteca/system/CodeIgniter.php(941): App\Controllers\UsuarioController->editar()
#9 /opt/lampp/htdocs/2026_ci4_biblioteca/system/CodeIgniter.php(502): CodeIgniter\CodeIgniter->runController()
#10 /opt/lampp/htdocs/2026_ci4_biblioteca/system/CodeIgniter.php(361): CodeIgniter\CodeIgniter->handleRequest()
#11 /opt/lampp/htdocs/2026_ci4_biblioteca/public/index.php(79): CodeIgniter\CodeIgniter->run()
#12 /opt/lampp/htdocs/2026_ci4_biblioteca/system/Commands/Server/rewrite.php(47): require_once('...')
#13 {main}
CRITICAL - 2026-05-14 12:18:41 --> CodeIgniter\Database\Exceptions\DatabaseException: Unknown column 'usuario.id' in 'where clause'
in SYSTEMPATH/Database/BaseConnection.php on line 647.
 1 SYSTEMPATH/Database/BaseBuilder.php(1616): CodeIgniter\Database\BaseConnection->query()
 2 SYSTEMPATH/Model.php(199): CodeIgniter\Database\BaseBuilder->get()
 3 SYSTEMPATH/BaseModel.php(577): CodeIgniter\Model->doFind()
 4 APPPATH/Controllers/UsuarioController.php(36): CodeIgniter\BaseModel->find()
 5 APPPATH/Controllers/UsuarioController.php(41): App\Controllers\UsuarioController->procurar()
 6 SYSTEMPATH/CodeIgniter.php(941): App\Controllers\UsuarioController->editar()
 7 SYSTEMPATH/CodeIgniter.php(502): CodeIgniter\CodeIgniter->runController()
 8 SYSTEMPATH/CodeIgniter.php(361): CodeIgniter\CodeIgniter->handleRequest()
 9 FCPATH/index.php(79): CodeIgniter\CodeIgniter->run()
10 SYSTEMPATH/Commands/Server/rewrite.php(47): require_once('/opt/lampp/htdocs/2026_ci4_biblioteca/public/index.php')
CRITICAL - 2026-05-14 12:18:41 --> [Caused by] CodeIgniter\Database\Exceptions\DatabaseException: Unknown column 'usuario.id' in 'where clause'
in SYSTEMPATH/Database/MySQLi/Connection.php on line 311.
 1 SYSTEMPATH/Database/BaseConnection.php(693): CodeIgniter\Database\MySQLi\Connection->execute()
 2 SYSTEMPATH/Database/BaseConnection.php(607): CodeIgniter\Database\BaseConnection->simpleQuery()
 3 SYSTEMPATH/Database/BaseBuilder.php(1616): CodeIgniter\Database\BaseConnection->query()
 4 SYSTEMPATH/Model.php(199): CodeIgniter\Database\BaseBuilder->get()
 5 SYSTEMPATH/BaseModel.php(577): CodeIgniter\Model->doFind()
 6 APPPATH/Controllers/UsuarioController.php(36): CodeIgniter\BaseModel->find()
 7 APPPATH/Controllers/UsuarioController.php(41): App\Controllers\UsuarioController->procurar()
 8 SYSTEMPATH/CodeIgniter.php(941): App\Controllers\UsuarioController->editar()
 9 SYSTEMPATH/CodeIgniter.php(502): CodeIgniter\CodeIgniter->runController()
10 SYSTEMPATH/CodeIgniter.php(361): CodeIgniter\CodeIgniter->handleRequest()
11 FCPATH/index.php(79): CodeIgniter\CodeIgniter->run()
12 SYSTEMPATH/Commands/Server/rewrite.php(47): require_once('/opt/lampp/htdocs/2026_ci4_biblioteca/public/index.php')
CRITICAL - 2026-05-14 12:18:41 --> [Caused by] mysqli_sql_exception: Unknown column 'usuario.id' in 'where clause'
in SYSTEMPATH/Database/MySQLi/Connection.php on line 306.
 1 SYSTEMPATH/Database/MySQLi/Connection.php(306): mysqli->query()
 2 SYSTEMPATH/Database/BaseConnection.php(693): CodeIgniter\Database\MySQLi\Connection->execute()
 3 SYSTEMPATH/Database/BaseConnection.php(607): CodeIgniter\Database\BaseConnection->simpleQuery()
 4 SYSTEMPATH/Database/BaseBuilder.php(1616): CodeIgniter\Database\BaseConnection->query()
 5 SYSTEMPATH/Model.php(199): CodeIgniter\Database\BaseBuilder->get()
 6 SYSTEMPATH/BaseModel.php(577): CodeIgniter\Model->doFind()
 7 APPPATH/Controllers/UsuarioController.php(36): CodeIgniter\BaseModel->find()
 8 APPPATH/Controllers/UsuarioController.php(41): App\Controllers\UsuarioController->procurar()
 9 SYSTEMPATH/CodeIgniter.php(941): App\Controllers\UsuarioController->editar()
10 SYSTEMPATH/CodeIgniter.php(502): CodeIgniter\CodeIgniter->runController()
11 SYSTEMPATH/CodeIgniter.php(361): CodeIgniter\CodeIgniter->handleRequest()
12 FCPATH/index.php(79): CodeIgniter\CodeIgniter->run()
13 SYSTEMPATH/Commands/Server/rewrite.php(47): require_once('/opt/lampp/htdocs/2026_ci4_biblioteca/public/index.php')
ERROR - 2026-05-14 12:21:04 --> mysqli_sql_exception: Unknown column 'usuario.id' in 'where clause' in /opt/lampp/htdocs/2026_ci4_biblioteca/system/Database/MySQLi/Connection.php:306
Stack trace:
#0 /opt/lampp/htdocs/2026_ci4_biblioteca/system/Database/MySQLi/Connection.php(306): mysqli->query()
#1 /opt/lampp/htdocs/2026_ci4_biblioteca/system/Database/BaseConnection.php(693): CodeIgniter\Database\MySQLi\Connection->execute()
#2 /opt/lampp/htdocs/2026_ci4_biblioteca/system/Database/BaseConnection.php(607): CodeIgniter\Database\BaseConnection->simpleQuery()
#3 /opt/lampp/htdocs/2026_ci4_biblioteca/system/Database/BaseBuilder.php(1616): CodeIgniter\Database\BaseConnection->query()
#4 /opt/lampp/htdocs/2026_ci4_biblioteca/system/Model.php(199): CodeIgniter\Database\BaseBuilder->get()
#5 /opt/lampp/htdocs/2026_ci4_biblioteca/system/BaseModel.php(577): CodeIgniter\Model->doFind()
#6 /opt/lampp/htdocs/2026_ci4_biblioteca/app/Controllers/UsuarioController.php(36): CodeIgniter\BaseModel->find()
#7 /opt/lampp/htdocs/2026_ci4_biblioteca/app/Controllers/UsuarioController.php(41): App\Controllers\UsuarioController->procurar()
#8 /opt/lampp/htdocs/2026_ci4_biblioteca/system/CodeIgniter.php(941): App\Controllers\UsuarioController->editar()
#9 /opt/lampp/htdocs/2026_ci4_biblioteca/system/CodeIgniter.php(502): CodeIgniter\CodeIgniter->runController()
#10 /opt/lampp/htdocs/2026_ci4_biblioteca/system/CodeIgniter.php(361): CodeIgniter\CodeIgniter->handleRequest()
#11 /opt/lampp/htdocs/2026_ci4_biblioteca/public/index.php(79): CodeIgniter\CodeIgniter->run()
#12 /opt/lampp/htdocs/2026_ci4_biblioteca/system/Commands/Server/rewrite.php(47): require_once('...')
#13 {main}
CRITICAL - 2026-05-14 12:21:04 --> CodeIgniter\Database\Exceptions\DatabaseException: Unknown column 'usuario.id' in 'where clause'
in SYSTEMPATH/Database/BaseConnection.php on line 647.
 1 SYSTEMPATH/Database/BaseBuilder.php(1616): CodeIgniter\Database\BaseConnection->query()
 2 SYSTEMPATH/Model.php(199): CodeIgniter\Database\BaseBuilder->get()
 3 SYSTEMPATH/BaseModel.php(577): CodeIgniter\Model->doFind()
 4 APPPATH/Controllers/UsuarioController.php(36): CodeIgniter\BaseModel->find()
 5 APPPATH/Controllers/UsuarioController.php(41): App\Controllers\UsuarioController->procurar()
 6 SYSTEMPATH/CodeIgniter.php(941): App\Controllers\UsuarioController->editar()
 7 SYSTEMPATH/CodeIgniter.php(502): CodeIgniter\CodeIgniter->runController()
 8 SYSTEMPATH/CodeIgniter.php(361): CodeIgniter\CodeIgniter->handleRequest()
 9 FCPATH/index.php(79): CodeIgniter\CodeIgniter->run()
10 SYSTEMPATH/Commands/Server/rewrite.php(47): require_once('/opt/lampp/htdocs/2026_ci4_biblioteca/public/index.php')
CRITICAL - 2026-05-14 12:21:04 --> [Caused by] CodeIgniter\Database\Exceptions\DatabaseException: Unknown column 'usuario.id' in 'where clause'
in SYSTEMPATH/Database/MySQLi/Connection.php on line 311.
 1 SYSTEMPATH/Database/BaseConnection.php(693): CodeIgniter\Database\MySQLi\Connection->execute()
 2 SYSTEMPATH/Database/BaseConnection.php(607): CodeIgniter\Database\BaseConnection->simpleQuery()
 3 SYSTEMPATH/Database/BaseBuilder.php(1616): CodeIgniter\Database\BaseConnection->query()
 4 SYSTEMPATH/Model.php(199): CodeIgniter\Database\BaseBuilder->get()
 5 SYSTEMPATH/BaseModel.php(577): CodeIgniter\Model->doFind()
 6 APPPATH/Controllers/UsuarioController.php(36): CodeIgniter\BaseModel->find()
 7 APPPATH/Controllers/UsuarioController.php(41): App\Controllers\UsuarioController->procurar()
 8 SYSTEMPATH/CodeIgniter.php(941): App\Controllers\UsuarioController->editar()
 9 SYSTEMPATH/CodeIgniter.php(502): CodeIgniter\CodeIgniter->runController()
10 SYSTEMPATH/CodeIgniter.php(361): CodeIgniter\CodeIgniter->handleRequest()
11 FCPATH/index.php(79): CodeIgniter\CodeIgniter->run()
12 SYSTEMPATH/Commands/Server/rewrite.php(47): require_once('/opt/lampp/htdocs/2026_ci4_biblioteca/public/index.php')
CRITICAL - 2026-05-14 12:21:04 --> [Caused by] mysqli_sql_exception: Unknown column 'usuario.id' in 'where clause'
in SYSTEMPATH/Database/MySQLi/Connection.php on line 306.
 1 SYSTEMPATH/Database/MySQLi/Connection.php(306): mysqli->query()
 2 SYSTEMPATH/Database/BaseConnection.php(693): CodeIgniter\Database\MySQLi\Connection->execute()
 3 SYSTEMPATH/Database/BaseConnection.php(607): CodeIgniter\Database\BaseConnection->simpleQuery()
 4 SYSTEMPATH/Database/BaseBuilder.php(1616): CodeIgniter\Database\BaseConnection->query()
 5 SYSTEMPATH/Model.php(199): CodeIgniter\Database\BaseBuilder->get()
 6 SYSTEMPATH/BaseModel.php(577): CodeIgniter\Model->doFind()
 7 APPPATH/Controllers/UsuarioController.php(36): CodeIgniter\BaseModel->find()
 8 APPPATH/Controllers/UsuarioController.php(41): App\Controllers\UsuarioController->procurar()
 9 SYSTEMPATH/CodeIgniter.php(941): App\Controllers\UsuarioController->editar()
10 SYSTEMPATH/CodeIgniter.php(502): CodeIgniter\CodeIgniter->runController()
11 SYSTEMPATH/CodeIgniter.php(361): CodeIgniter\CodeIgniter->handleRequest()
12 FCPATH/index.php(79): CodeIgniter\CodeIgniter->run()
13 SYSTEMPATH/Commands/Server/rewrite.php(47): require_once('/opt/lampp/htdocs/2026_ci4_biblioteca/public/index.php')
CRITICAL - 2026-05-14 12:40:11 --> Error: Class "App\Models\TipoUsuarioController" not found
in APPPATH/Controllers/UsuarioController.php on line 16.
 1 SYSTEMPATH/CodeIgniter.php(913): App\Controllers\UsuarioController->__construct()
 2 SYSTEMPATH/CodeIgniter.php(493): CodeIgniter\CodeIgniter->createController()
 3 SYSTEMPATH/CodeIgniter.php(361): CodeIgniter\CodeIgniter->handleRequest()
 4 FCPATH/index.php(79): CodeIgniter\CodeIgniter->run()
 5 SYSTEMPATH/Commands/Server/rewrite.php(47): require_once('/opt/lampp/htdocs/2026_ci4_biblioteca/public/index.php')
CRITICAL - 2026-05-14 12:40:38 --> Error: Class "App\Controller\TipoUsuarioController" not found
in APPPATH/Controllers/UsuarioController.php on line 16.
 1 SYSTEMPATH/CodeIgniter.php(913): App\Controllers\UsuarioController->__construct()
 2 SYSTEMPATH/CodeIgniter.php(493): CodeIgniter\CodeIgniter->createController()
 3 SYSTEMPATH/CodeIgniter.php(361): CodeIgniter\CodeIgniter->handleRequest()
 4 FCPATH/index.php(79): CodeIgniter\CodeIgniter->run()
 5 SYSTEMPATH/Commands/Server/rewrite.php(47): require_once('/opt/lampp/htdocs/2026_ci4_biblioteca/public/index.php')
CRITICAL - 2026-05-14 12:41:08 --> ErrorException: Array to string conversion
in SYSTEMPATH/View/View.php on line 228.
 1 SYSTEMPATH/View/View.php(228): CodeIgniter\Debug\Exceptions->errorHandler()
 2 SYSTEMPATH/View/View.php(228): include()
 3 SYSTEMPATH/View/View.php(231): CodeIgniter\View\View->CodeIgniter\View\{closure}()
 4 SYSTEMPATH/Common.php(1178): CodeIgniter\View\View->render()
 5 APPPATH/Controllers/UsuarioController.php(24): view()
 6 SYSTEMPATH/CodeIgniter.php(941): App\Controllers\UsuarioController->index()
 7 SYSTEMPATH/CodeIgniter.php(502): CodeIgniter\CodeIgniter->runController()
 8 SYSTEMPATH/CodeIgniter.php(361): CodeIgniter\CodeIgniter->handleRequest()
 9 FCPATH/index.php(79): CodeIgniter\CodeIgniter->run()
10 SYSTEMPATH/Commands/Server/rewrite.php(47): require_once('/opt/lampp/htdocs/2026_ci4_biblioteca/public/index.php')
CRITICAL - 2026-05-14 12:41:21 --> Error: Undefined constant "t"
in APPPATH/Views/usuario/index.php on line 57.
 1 SYSTEMPATH/View/View.php(228): include()
 2 SYSTEMPATH/View/View.php(231): CodeIgniter\View\View->CodeIgniter\View\{closure}()
 3 SYSTEMPATH/Common.php(1178): CodeIgniter\View\View->render()
 4 APPPATH/Controllers/UsuarioController.php(24): view()
 5 SYSTEMPATH/CodeIgniter.php(941): App\Controllers\UsuarioController->index()
 6 SYSTEMPATH/CodeIgniter.php(502): CodeIgniter\CodeIgniter->runController()
 7 SYSTEMPATH/CodeIgniter.php(361): CodeIgniter\CodeIgniter->handleRequest()
 8 FCPATH/index.php(79): CodeIgniter\CodeIgniter->run()
 9 SYSTEMPATH/Commands/Server/rewrite.php(47): require_once('/opt/lampp/htdocs/2026_ci4_biblioteca/public/index.php')
CRITICAL - 2026-05-14 12:41:22 --> Error: Undefined constant "t"
in APPPATH/Views/usuario/index.php on line 57.
 1 SYSTEMPATH/View/View.php(228): include()
 2 SYSTEMPATH/View/View.php(231): CodeIgniter\View\View->CodeIgniter\View\{closure}()
 3 SYSTEMPATH/Common.php(1178): CodeIgniter\View\View->render()
 4 APPPATH/Controllers/UsuarioController.php(24): view()
 5 SYSTEMPATH/CodeIgniter.php(941): App\Controllers\UsuarioController->index()
 6 SYSTEMPATH/CodeIgniter.php(502): CodeIgniter\CodeIgniter->runController()
 7 SYSTEMPATH/CodeIgniter.php(361): CodeIgniter\CodeIgniter->handleRequest()
 8 FCPATH/index.php(79): CodeIgniter\CodeIgniter->run()
 9 SYSTEMPATH/Commands/Server/rewrite.php(47): require_once('/opt/lampp/htdocs/2026_ci4_biblioteca/public/index.php')
CRITICAL - 2026-05-14 12:41:24 --> Error: Undefined constant "t"
in APPPATH/Views/usuario/index.php on line 57.
 1 SYSTEMPATH/View/View.php(228): include()
 2 SYSTEMPATH/View/View.php(231): CodeIgniter\View\View->CodeIgniter\View\{closure}()
 3 SYSTEMPATH/Common.php(1178): CodeIgniter\View\View->render()
 4 APPPATH/Controllers/UsuarioController.php(24): view()
 5 SYSTEMPATH/CodeIgniter.php(941): App\Controllers\UsuarioController->index()
 6 SYSTEMPATH/CodeIgniter.php(502): CodeIgniter\CodeIgniter->runController()
 7 SYSTEMPATH/CodeIgniter.php(361): CodeIgniter\CodeIgniter->handleRequest()
 8 FCPATH/index.php(79): CodeIgniter\CodeIgniter->run()
 9 SYSTEMPATH/Commands/Server/rewrite.php(47): require_once('/opt/lampp/htdocs/2026_ci4_biblioteca/public/index.php')
CRITICAL - 2026-05-14 12:42:48 --> ErrorException: Undefined array key ""
in APPPATH/Views/usuario/index.php on line 94.
 1 APPPATH/Views/usuario/index.php(94): CodeIgniter\Debug\Exceptions->errorHandler()
 2 SYSTEMPATH/View/View.php(228): include('/opt/lampp/htdocs/2026_ci4_biblioteca/app/Views/usuario/index.php')
 3 SYSTEMPATH/View/View.php(231): CodeIgniter\View\View->CodeIgniter\View\{closure}()
 4 SYSTEMPATH/Common.php(1178): CodeIgniter\View\View->render()
 5 APPPATH/Controllers/UsuarioController.php(24): view()
 6 SYSTEMPATH/CodeIgniter.php(941): App\Controllers\UsuarioController->index()
 7 SYSTEMPATH/CodeIgniter.php(502): CodeIgniter\CodeIgniter->runController()
 8 SYSTEMPATH/CodeIgniter.php(361): CodeIgniter\CodeIgniter->handleRequest()
 9 FCPATH/index.php(79): CodeIgniter\CodeIgniter->run()
10 SYSTEMPATH/Commands/Server/rewrite.php(47): require_once('/opt/lampp/htdocs/2026_ci4_biblioteca/public/index.php')
ERROR - 2026-05-14 13:04:28 --> mysqli_sql_exception: Unknown column 'usuario.id' in 'where clause' in /opt/lampp/htdocs/2026_ci4_biblioteca/system/Database/MySQLi/Connection.php:306
Stack trace:
#0 /opt/lampp/htdocs/2026_ci4_biblioteca/system/Database/MySQLi/Connection.php(306): mysqli->query()
#1 /opt/lampp/htdocs/2026_ci4_biblioteca/system/Database/BaseConnection.php(693): CodeIgniter\Database\MySQLi\Connection->execute()
#2 /opt/lampp/htdocs/2026_ci4_biblioteca/system/Database/BaseConnection.php(607): CodeIgniter\Database\BaseConnection->simpleQuery()
#3 /opt/lampp/htdocs/2026_ci4_biblioteca/system/Database/BaseBuilder.php(1616): CodeIgniter\Database\BaseConnection->query()
#4 /opt/lampp/htdocs/2026_ci4_biblioteca/system/Model.php(199): CodeIgniter\Database\BaseBuilder->get()
#5 /opt/lampp/htdocs/2026_ci4_biblioteca/system/BaseModel.php(577): CodeIgniter\Model->doFind()
#6 /opt/lampp/htdocs/2026_ci4_biblioteca/app/Controllers/UsuarioController.php(39): CodeIgniter\BaseModel->find()
#7 /opt/lampp/htdocs/2026_ci4_biblioteca/app/Controllers/UsuarioController.php(44): App\Controllers\UsuarioController->procurar()
#8 /opt/lampp/htdocs/2026_ci4_biblioteca/system/CodeIgniter.php(941): App\Controllers\UsuarioController->editar()
#9 /opt/lampp/htdocs/2026_ci4_biblioteca/system/CodeIgniter.php(502): CodeIgniter\CodeIgniter->runController()
#10 /opt/lampp/htdocs/2026_ci4_biblioteca/system/CodeIgniter.php(361): CodeIgniter\CodeIgniter->handleRequest()
#11 /opt/lampp/htdocs/2026_ci4_biblioteca/public/index.php(79): CodeIgniter\CodeIgniter->run()
#12 /opt/lampp/htdocs/2026_ci4_biblioteca/system/Commands/Server/rewrite.php(47): require_once('...')
#13 {main}
CRITICAL - 2026-05-14 13:04:28 --> CodeIgniter\Database\Exceptions\DatabaseException: Unknown column 'usuario.id' in 'where clause'
in SYSTEMPATH/Database/BaseConnection.php on line 647.
 1 SYSTEMPATH/Database/BaseBuilder.php(1616): CodeIgniter\Database\BaseConnection->query()
 2 SYSTEMPATH/Model.php(199): CodeIgniter\Database\BaseBuilder->get()
 3 SYSTEMPATH/BaseModel.php(577): CodeIgniter\Model->doFind()
 4 APPPATH/Controllers/UsuarioController.php(39): CodeIgniter\BaseModel->find()
 5 APPPATH/Controllers/UsuarioController.php(44): App\Controllers\UsuarioController->procurar()
 6 SYSTEMPATH/CodeIgniter.php(941): App\Controllers\UsuarioController->editar()
 7 SYSTEMPATH/CodeIgniter.php(502): CodeIgniter\CodeIgniter->runController()
 8 SYSTEMPATH/CodeIgniter.php(361): CodeIgniter\CodeIgniter->handleRequest()
 9 FCPATH/index.php(79): CodeIgniter\CodeIgniter->run()
10 SYSTEMPATH/Commands/Server/rewrite.php(47): require_once('/opt/lampp/htdocs/2026_ci4_biblioteca/public/index.php')
CRITICAL - 2026-05-14 13:04:28 --> [Caused by] CodeIgniter\Database\Exceptions\DatabaseException: Unknown column 'usuario.id' in 'where clause'
in SYSTEMPATH/Database/MySQLi/Connection.php on line 311.
 1 SYSTEMPATH/Database/BaseConnection.php(693): CodeIgniter\Database\MySQLi\Connection->execute()
 2 SYSTEMPATH/Database/BaseConnection.php(607): CodeIgniter\Database\BaseConnection->simpleQuery()
 3 SYSTEMPATH/Database/BaseBuilder.php(1616): CodeIgniter\Database\BaseConnection->query()
 4 SYSTEMPATH/Model.php(199): CodeIgniter\Database\BaseBuilder->get()
 5 SYSTEMPATH/BaseModel.php(577): CodeIgniter\Model->doFind()
 6 APPPATH/Controllers/UsuarioController.php(39): CodeIgniter\BaseModel->find()
 7 APPPATH/Controllers/UsuarioController.php(44): App\Controllers\UsuarioController->procurar()
 8 SYSTEMPATH/CodeIgniter.php(941): App\Controllers\UsuarioController->editar()
 9 SYSTEMPATH/CodeIgniter.php(502): CodeIgniter\CodeIgniter->runController()
10 SYSTEMPATH/CodeIgniter.php(361): CodeIgniter\CodeIgniter->handleRequest()
11 FCPATH/index.php(79): CodeIgniter\CodeIgniter->run()
12 SYSTEMPATH/Commands/Server/rewrite.php(47): require_once('/opt/lampp/htdocs/2026_ci4_biblioteca/public/index.php')
CRITICAL - 2026-05-14 13:04:28 --> [Caused by] mysqli_sql_exception: Unknown column 'usuario.id' in 'where clause'
in SYSTEMPATH/Database/MySQLi/Connection.php on line 306.
 1 SYSTEMPATH/Database/MySQLi/Connection.php(306): mysqli->query()
 2 SYSTEMPATH/Database/BaseConnection.php(693): CodeIgniter\Database\MySQLi\Connection->execute()
 3 SYSTEMPATH/Database/BaseConnection.php(607): CodeIgniter\Database\BaseConnection->simpleQuery()
 4 SYSTEMPATH/Database/BaseBuilder.php(1616): CodeIgniter\Database\BaseConnection->query()
 5 SYSTEMPATH/Model.php(199): CodeIgniter\Database\BaseBuilder->get()
 6 SYSTEMPATH/BaseModel.php(577): CodeIgniter\Model->doFind()
 7 APPPATH/Controllers/UsuarioController.php(39): CodeIgniter\BaseModel->find()
 8 APPPATH/Controllers/UsuarioController.php(44): App\Controllers\UsuarioController->procurar()
 9 SYSTEMPATH/CodeIgniter.php(941): App\Controllers\UsuarioController->editar()
10 SYSTEMPATH/CodeIgniter.php(502): CodeIgniter\CodeIgniter->runController()
11 SYSTEMPATH/CodeIgniter.php(361): CodeIgniter\CodeIgniter->handleRequest()
12 FCPATH/index.php(79): CodeIgniter\CodeIgniter->run()
13 SYSTEMPATH/Commands/Server/rewrite.php(47): require_once('/opt/lampp/htdocs/2026_ci4_biblioteca/public/index.php')
ERROR - 2026-05-14 13:04:30 --> mysqli_sql_exception: Unknown column 'usuario.id' in 'where clause' in /opt/lampp/htdocs/2026_ci4_biblioteca/system/Database/MySQLi/Connection.php:306
Stack trace:
#0 /opt/lampp/htdocs/2026_ci4_biblioteca/system/Database/MySQLi/Connection.php(306): mysqli->query()
#1 /opt/lampp/htdocs/2026_ci4_biblioteca/system/Database/BaseConnection.php(693): CodeIgniter\Database\MySQLi\Connection->execute()
#2 /opt/lampp/htdocs/2026_ci4_biblioteca/system/Database/BaseConnection.php(607): CodeIgniter\Database\BaseConnection->simpleQuery()
#3 /opt/lampp/htdocs/2026_ci4_biblioteca/system/Database/BaseBuilder.php(1616): CodeIgniter\Database\BaseConnection->query()
#4 /opt/lampp/htdocs/2026_ci4_biblioteca/system/Model.php(199): CodeIgniter\Database\BaseBuilder->get()
#5 /opt/lampp/htdocs/2026_ci4_biblioteca/system/BaseModel.php(577): CodeIgniter\Model->doFind()
#6 /opt/lampp/htdocs/2026_ci4_biblioteca/app/Controllers/UsuarioController.php(39): CodeIgniter\BaseModel->find()
#7 /opt/lampp/htdocs/2026_ci4_biblioteca/app/Controllers/UsuarioController.php(44): App\Controllers\UsuarioController->procurar()
#8 /opt/lampp/htdocs/2026_ci4_biblioteca/system/CodeIgniter.php(941): App\Controllers\UsuarioController->editar()
#9 /opt/lampp/htdocs/2026_ci4_biblioteca/system/CodeIgniter.php(502): CodeIgniter\CodeIgniter->runController()
#10 /opt/lampp/htdocs/2026_ci4_biblioteca/system/CodeIgniter.php(361): CodeIgniter\CodeIgniter->handleRequest()
#11 /opt/lampp/htdocs/2026_ci4_biblioteca/public/index.php(79): CodeIgniter\CodeIgniter->run()
#12 /opt/lampp/htdocs/2026_ci4_biblioteca/system/Commands/Server/rewrite.php(47): require_once('...')
#13 {main}
CRITICAL - 2026-05-14 13:04:30 --> CodeIgniter\Database\Exceptions\DatabaseException: Unknown column 'usuario.id' in 'where clause'
in SYSTEMPATH/Database/BaseConnection.php on line 647.
 1 SYSTEMPATH/Database/BaseBuilder.php(1616): CodeIgniter\Database\BaseConnection->query()
 2 SYSTEMPATH/Model.php(199): CodeIgniter\Database\BaseBuilder->get()
 3 SYSTEMPATH/BaseModel.php(577): CodeIgniter\Model->doFind()
 4 APPPATH/Controllers/UsuarioController.php(39): CodeIgniter\BaseModel->find()
 5 APPPATH/Controllers/UsuarioController.php(44): App\Controllers\UsuarioController->procurar()
 6 SYSTEMPATH/CodeIgniter.php(941): App\Controllers\UsuarioController->editar()
 7 SYSTEMPATH/CodeIgniter.php(502): CodeIgniter\CodeIgniter->runController()
 8 SYSTEMPATH/CodeIgniter.php(361): CodeIgniter\CodeIgniter->handleRequest()
 9 FCPATH/index.php(79): CodeIgniter\CodeIgniter->run()
10 SYSTEMPATH/Commands/Server/rewrite.php(47): require_once('/opt/lampp/htdocs/2026_ci4_biblioteca/public/index.php')
CRITICAL - 2026-05-14 13:04:30 --> [Caused by] CodeIgniter\Database\Exceptions\DatabaseException: Unknown column 'usuario.id' in 'where clause'
in SYSTEMPATH/Database/MySQLi/Connection.php on line 311.
 1 SYSTEMPATH/Database/BaseConnection.php(693): CodeIgniter\Database\MySQLi\Connection->execute()
 2 SYSTEMPATH/Database/BaseConnection.php(607): CodeIgniter\Database\BaseConnection->simpleQuery()
 3 SYSTEMPATH/Database/BaseBuilder.php(1616): CodeIgniter\Database\BaseConnection->query()
 4 SYSTEMPATH/Model.php(199): CodeIgniter\Database\BaseBuilder->get()
 5 SYSTEMPATH/BaseModel.php(577): CodeIgniter\Model->doFind()
 6 APPPATH/Controllers/UsuarioController.php(39): CodeIgniter\BaseModel->find()
 7 APPPATH/Controllers/UsuarioController.php(44): App\Controllers\UsuarioController->procurar()
 8 SYSTEMPATH/CodeIgniter.php(941): App\Controllers\UsuarioController->editar()
 9 SYSTEMPATH/CodeIgniter.php(502): CodeIgniter\CodeIgniter->runController()
10 SYSTEMPATH/CodeIgniter.php(361): CodeIgniter\CodeIgniter->handleRequest()
11 FCPATH/index.php(79): CodeIgniter\CodeIgniter->run()
12 SYSTEMPATH/Commands/Server/rewrite.php(47): require_once('/opt/lampp/htdocs/2026_ci4_biblioteca/public/index.php')
CRITICAL - 2026-05-14 13:04:30 --> [Caused by] mysqli_sql_exception: Unknown column 'usuario.id' in 'where clause'
in SYSTEMPATH/Database/MySQLi/Connection.php on line 306.
 1 SYSTEMPATH/Database/MySQLi/Connection.php(306): mysqli->query()
 2 SYSTEMPATH/Database/BaseConnection.php(693): CodeIgniter\Database\MySQLi\Connection->execute()
 3 SYSTEMPATH/Database/BaseConnection.php(607): CodeIgniter\Database\BaseConnection->simpleQuery()
 4 SYSTEMPATH/Database/BaseBuilder.php(1616): CodeIgniter\Database\BaseConnection->query()
 5 SYSTEMPATH/Model.php(199): CodeIgniter\Database\BaseBuilder->get()
 6 SYSTEMPATH/BaseModel.php(577): CodeIgniter\Model->doFind()
 7 APPPATH/Controllers/UsuarioController.php(39): CodeIgniter\BaseModel->find()
 8 APPPATH/Controllers/UsuarioController.php(44): App\Controllers\UsuarioController->procurar()
 9 SYSTEMPATH/CodeIgniter.php(941): App\Controllers\UsuarioController->editar()
10 SYSTEMPATH/CodeIgniter.php(502): CodeIgniter\CodeIgniter->runController()
11 SYSTEMPATH/CodeIgniter.php(361): CodeIgniter\CodeIgniter->handleRequest()
12 FCPATH/index.php(79): CodeIgniter\CodeIgniter->run()
13 SYSTEMPATH/Commands/Server/rewrite.php(47): require_once('/opt/lampp/htdocs/2026_ci4_biblioteca/public/index.php')
ERROR - 2026-05-14 13:04:31 --> mysqli_sql_exception: Unknown column 'usuario.id' in 'where clause' in /opt/lampp/htdocs/2026_ci4_biblioteca/system/Database/MySQLi/Connection.php:306
Stack trace:
#0 /opt/lampp/htdocs/2026_ci4_biblioteca/system/Database/MySQLi/Connection.php(306): mysqli->query()
#1 /opt/lampp/htdocs/2026_ci4_biblioteca/system/Database/BaseConnection.php(693): CodeIgniter\Database\MySQLi\Connection->execute()
#2 /opt/lampp/htdocs/2026_ci4_biblioteca/system/Database/BaseConnection.php(607): CodeIgniter\Database\BaseConnection->simpleQuery()
#3 /opt/lampp/htdocs/2026_ci4_biblioteca/system/Database/BaseBuilder.php(1616): CodeIgniter\Database\BaseConnection->query()
#4 /opt/lampp/htdocs/2026_ci4_biblioteca/system/Model.php(199): CodeIgniter\Database\BaseBuilder->get()
#5 /opt/lampp/htdocs/2026_ci4_biblioteca/system/BaseModel.php(577): CodeIgniter\Model->doFind()
#6 /opt/lampp/htdocs/2026_ci4_biblioteca/app/Controllers/UsuarioController.php(39): CodeIgniter\BaseModel->find()
#7 /opt/lampp/htdocs/2026_ci4_biblioteca/app/Controllers/UsuarioController.php(44): App\Controllers\UsuarioController->procurar()
#8 /opt/lampp/htdocs/2026_ci4_biblioteca/system/CodeIgniter.php(941): App\Controllers\UsuarioController->editar()
#9 /opt/lampp/htdocs/2026_ci4_biblioteca/system/CodeIgniter.php(502): CodeIgniter\CodeIgniter->runController()
#10 /opt/lampp/htdocs/2026_ci4_biblioteca/system/CodeIgniter.php(361): CodeIgniter\CodeIgniter->handleRequest()
#11 /opt/lampp/htdocs/2026_ci4_biblioteca/public/index.php(79): CodeIgniter\CodeIgniter->run()
#12 /opt/lampp/htdocs/2026_ci4_biblioteca/system/Commands/Server/rewrite.php(47): require_once('...')
#13 {main}
CRITICAL - 2026-05-14 13:04:31 --> CodeIgniter\Database\Exceptions\DatabaseException: Unknown column 'usuario.id' in 'where clause'
in SYSTEMPATH/Database/BaseConnection.php on line 647.
 1 SYSTEMPATH/Database/BaseBuilder.php(1616): CodeIgniter\Database\BaseConnection->query()
 2 SYSTEMPATH/Model.php(199): CodeIgniter\Database\BaseBuilder->get()
 3 SYSTEMPATH/BaseModel.php(577): CodeIgniter\Model->doFind()
 4 APPPATH/Controllers/UsuarioController.php(39): CodeIgniter\BaseModel->find()
 5 APPPATH/Controllers/UsuarioController.php(44): App\Controllers\UsuarioController->procurar()
 6 SYSTEMPATH/CodeIgniter.php(941): App\Controllers\UsuarioController->editar()
 7 SYSTEMPATH/CodeIgniter.php(502): CodeIgniter\CodeIgniter->runController()
 8 SYSTEMPATH/CodeIgniter.php(361): CodeIgniter\CodeIgniter->handleRequest()
 9 FCPATH/index.php(79): CodeIgniter\CodeIgniter->run()
10 SYSTEMPATH/Commands/Server/rewrite.php(47): require_once('/opt/lampp/htdocs/2026_ci4_biblioteca/public/index.php')
CRITICAL - 2026-05-14 13:04:31 --> [Caused by] CodeIgniter\Database\Exceptions\DatabaseException: Unknown column 'usuario.id' in 'where clause'
in SYSTEMPATH/Database/MySQLi/Connection.php on line 311.
 1 SYSTEMPATH/Database/BaseConnection.php(693): CodeIgniter\Database\MySQLi\Connection->execute()
 2 SYSTEMPATH/Database/BaseConnection.php(607): CodeIgniter\Database\BaseConnection->simpleQuery()
 3 SYSTEMPATH/Database/BaseBuilder.php(1616): CodeIgniter\Database\BaseConnection->query()
 4 SYSTEMPATH/Model.php(199): CodeIgniter\Database\BaseBuilder->get()
 5 SYSTEMPATH/BaseModel.php(577): CodeIgniter\Model->doFind()
 6 APPPATH/Controllers/UsuarioController.php(39): CodeIgniter\BaseModel->find()
 7 APPPATH/Controllers/UsuarioController.php(44): App\Controllers\UsuarioController->procurar()
 8 SYSTEMPATH/CodeIgniter.php(941): App\Controllers\UsuarioController->editar()
 9 SYSTEMPATH/CodeIgniter.php(502): CodeIgniter\CodeIgniter->runController()
10 SYSTEMPATH/CodeIgniter.php(361): CodeIgniter\CodeIgniter->handleRequest()
11 FCPATH/index.php(79): CodeIgniter\CodeIgniter->run()
12 SYSTEMPATH/Commands/Server/rewrite.php(47): require_once('/opt/lampp/htdocs/2026_ci4_biblioteca/public/index.php')
CRITICAL - 2026-05-14 13:04:31 --> [Caused by] mysqli_sql_exception: Unknown column 'usuario.id' in 'where clause'
in SYSTEMPATH/Database/MySQLi/Connection.php on line 306.
 1 SYSTEMPATH/Database/MySQLi/Connection.php(306): mysqli->query()
 2 SYSTEMPATH/Database/BaseConnection.php(693): CodeIgniter\Database\MySQLi\Connection->execute()
 3 SYSTEMPATH/Database/BaseConnection.php(607): CodeIgniter\Database\BaseConnection->simpleQuery()
 4 SYSTEMPATH/Database/BaseBuilder.php(1616): CodeIgniter\Database\BaseConnection->query()
 5 SYSTEMPATH/Model.php(199): CodeIgniter\Database\BaseBuilder->get()
 6 SYSTEMPATH/BaseModel.php(577): CodeIgniter\Model->doFind()
 7 APPPATH/Controllers/UsuarioController.php(39): CodeIgniter\BaseModel->find()
 8 APPPATH/Controllers/UsuarioController.php(44): App\Controllers\UsuarioController->procurar()
 9 SYSTEMPATH/CodeIgniter.php(941): App\Controllers\UsuarioController->editar()
10 SYSTEMPATH/CodeIgniter.php(502): CodeIgniter\CodeIgniter->runController()
11 SYSTEMPATH/CodeIgniter.php(361): CodeIgniter\CodeIgniter->handleRequest()
12 FCPATH/index.php(79): CodeIgniter\CodeIgniter->run()
13 SYSTEMPATH/Commands/Server/rewrite.php(47): require_once('/opt/lampp/htdocs/2026_ci4_biblioteca/public/index.php')
ERROR - 2026-05-14 13:05:28 --> mysqli_sql_exception: Unknown column 'usuario.id' in 'where clause' in /opt/lampp/htdocs/2026_ci4_biblioteca/system/Database/MySQLi/Connection.php:306
Stack trace:
#0 /opt/lampp/htdocs/2026_ci4_biblioteca/system/Database/MySQLi/Connection.php(306): mysqli->query()
#1 /opt/lampp/htdocs/2026_ci4_biblioteca/system/Database/BaseConnection.php(693): CodeIgniter\Database\MySQLi\Connection->execute()
#2 /opt/lampp/htdocs/2026_ci4_biblioteca/system/Database/BaseConnection.php(607): CodeIgniter\Database\BaseConnection->simpleQuery()
#3 /opt/lampp/htdocs/2026_ci4_biblioteca/system/Database/BaseBuilder.php(1616): CodeIgniter\Database\BaseConnection->query()
#4 /opt/lampp/htdocs/2026_ci4_biblioteca/system/Model.php(199): CodeIgniter\Database\BaseBuilder->get()
#5 /opt/lampp/htdocs/2026_ci4_biblioteca/system/BaseModel.php(577): CodeIgniter\Model->doFind()
#6 /opt/lampp/htdocs/2026_ci4_biblioteca/app/Controllers/UsuarioController.php(39): CodeIgniter\BaseModel->find()
#7 /opt/lampp/htdocs/2026_ci4_biblioteca/app/Controllers/UsuarioController.php(44): App\Controllers\UsuarioController->procurar()
#8 /opt/lampp/htdocs/2026_ci4_biblioteca/system/CodeIgniter.php(941): App\Controllers\UsuarioController->editar()
#9 /opt/lampp/htdocs/2026_ci4_biblioteca/system/CodeIgniter.php(502): CodeIgniter\CodeIgniter->runController()
#10 /opt/lampp/htdocs/2026_ci4_biblioteca/system/CodeIgniter.php(361): CodeIgniter\CodeIgniter->handleRequest()
#11 /opt/lampp/htdocs/2026_ci4_biblioteca/public/index.php(79): CodeIgniter\CodeIgniter->run()
#12 /opt/lampp/htdocs/2026_ci4_biblioteca/system/Commands/Server/rewrite.php(47): require_once('...')
#13 {main}
CRITICAL - 2026-05-14 13:05:28 --> CodeIgniter\Database\Exceptions\DatabaseException: Unknown column 'usuario.id' in 'where clause'
in SYSTEMPATH/Database/BaseConnection.php on line 647.
 1 SYSTEMPATH/Database/BaseBuilder.php(1616): CodeIgniter\Database\BaseConnection->query()
 2 SYSTEMPATH/Model.php(199): CodeIgniter\Database\BaseBuilder->get()
 3 SYSTEMPATH/BaseModel.php(577): CodeIgniter\Model->doFind()
 4 APPPATH/Controllers/UsuarioController.php(39): CodeIgniter\BaseModel->find()
 5 APPPATH/Controllers/UsuarioController.php(44): App\Controllers\UsuarioController->procurar()
 6 SYSTEMPATH/CodeIgniter.php(941): App\Controllers\UsuarioController->editar()
 7 SYSTEMPATH/CodeIgniter.php(502): CodeIgniter\CodeIgniter->runController()
 8 SYSTEMPATH/CodeIgniter.php(361): CodeIgniter\CodeIgniter->handleRequest()
 9 FCPATH/index.php(79): CodeIgniter\CodeIgniter->run()
10 SYSTEMPATH/Commands/Server/rewrite.php(47): require_once('/opt/lampp/htdocs/2026_ci4_biblioteca/public/index.php')
CRITICAL - 2026-05-14 13:05:28 --> [Caused by] CodeIgniter\Database\Exceptions\DatabaseException: Unknown column 'usuario.id' in 'where clause'
in SYSTEMPATH/Database/MySQLi/Connection.php on line 311.
 1 SYSTEMPATH/Database/BaseConnection.php(693): CodeIgniter\Database\MySQLi\Connection->execute()
 2 SYSTEMPATH/Database/BaseConnection.php(607): CodeIgniter\Database\BaseConnection->simpleQuery()
 3 SYSTEMPATH/Database/BaseBuilder.php(1616): CodeIgniter\Database\BaseConnection->query()
 4 SYSTEMPATH/Model.php(199): CodeIgniter\Database\BaseBuilder->get()
 5 SYSTEMPATH/BaseModel.php(577): CodeIgniter\Model->doFind()
 6 APPPATH/Controllers/UsuarioController.php(39): CodeIgniter\BaseModel->find()
 7 APPPATH/Controllers/UsuarioController.php(44): App\Controllers\UsuarioController->procurar()
 8 SYSTEMPATH/CodeIgniter.php(941): App\Controllers\UsuarioController->editar()
 9 SYSTEMPATH/CodeIgniter.php(502): CodeIgniter\CodeIgniter->runController()
10 SYSTEMPATH/CodeIgniter.php(361): CodeIgniter\CodeIgniter->handleRequest()
11 FCPATH/index.php(79): CodeIgniter\CodeIgniter->run()
12 SYSTEMPATH/Commands/Server/rewrite.php(47): require_once('/opt/lampp/htdocs/2026_ci4_biblioteca/public/index.php')
CRITICAL - 2026-05-14 13:05:28 --> [Caused by] mysqli_sql_exception: Unknown column 'usuario.id' in 'where clause'
in SYSTEMPATH/Database/MySQLi/Connection.php on line 306.
 1 SYSTEMPATH/Database/MySQLi/Connection.php(306): mysqli->query()
 2 SYSTEMPATH/Database/BaseConnection.php(693): CodeIgniter\Database\MySQLi\Connection->execute()
 3 SYSTEMPATH/Database/BaseConnection.php(607): CodeIgniter\Database\BaseConnection->simpleQuery()
 4 SYSTEMPATH/Database/BaseBuilder.php(1616): CodeIgniter\Database\BaseConnection->query()
 5 SYSTEMPATH/Model.php(199): CodeIgniter\Database\BaseBuilder->get()
 6 SYSTEMPATH/BaseModel.php(577): CodeIgniter\Model->doFind()
 7 APPPATH/Controllers/UsuarioController.php(39): CodeIgniter\BaseModel->find()
 8 APPPATH/Controllers/UsuarioController.php(44): App\Controllers\UsuarioController->procurar()
 9 SYSTEMPATH/CodeIgniter.php(941): App\Controllers\UsuarioController->editar()
10 SYSTEMPATH/CodeIgniter.php(502): CodeIgniter\CodeIgniter->runController()
11 SYSTEMPATH/CodeIgniter.php(361): CodeIgniter\CodeIgniter->handleRequest()
12 FCPATH/index.php(79): CodeIgniter\CodeIgniter->run()
13 SYSTEMPATH/Commands/Server/rewrite.php(47): require_once('/opt/lampp/htdocs/2026_ci4_biblioteca/public/index.php')
ERROR - 2026-05-14 13:05:47 --> mysqli_sql_exception: Unknown column 'usuario.id' in 'where clause' in /opt/lampp/htdocs/2026_ci4_biblioteca/system/Database/MySQLi/Connection.php:306
Stack trace:
#0 /opt/lampp/htdocs/2026_ci4_biblioteca/system/Database/MySQLi/Connection.php(306): mysqli->query()
#1 /opt/lampp/htdocs/2026_ci4_biblioteca/system/Database/BaseConnection.php(693): CodeIgniter\Database\MySQLi\Connection->execute()
#2 /opt/lampp/htdocs/2026_ci4_biblioteca/system/Database/BaseConnection.php(607): CodeIgniter\Database\BaseConnection->simpleQuery()
#3 /opt/lampp/htdocs/2026_ci4_biblioteca/system/Database/BaseBuilder.php(1616): CodeIgniter\Database\BaseConnection->query()
#4 /opt/lampp/htdocs/2026_ci4_biblioteca/system/Model.php(199): CodeIgniter\Database\BaseBuilder->get()
#5 /opt/lampp/htdocs/2026_ci4_biblioteca/system/BaseModel.php(577): CodeIgniter\Model->doFind()
#6 /opt/lampp/htdocs/2026_ci4_biblioteca/app/Controllers/UsuarioController.php(39): CodeIgniter\BaseModel->find()
#7 /opt/lampp/htdocs/2026_ci4_biblioteca/app/Controllers/UsuarioController.php(44): App\Controllers\UsuarioController->procurar()
#8 /opt/lampp/htdocs/2026_ci4_biblioteca/system/CodeIgniter.php(941): App\Controllers\UsuarioController->editar()
#9 /opt/lampp/htdocs/2026_ci4_biblioteca/system/CodeIgniter.php(502): CodeIgniter\CodeIgniter->runController()
#10 /opt/lampp/htdocs/2026_ci4_biblioteca/system/CodeIgniter.php(361): CodeIgniter\CodeIgniter->handleRequest()
#11 /opt/lampp/htdocs/2026_ci4_biblioteca/public/index.php(79): CodeIgniter\CodeIgniter->run()
#12 /opt/lampp/htdocs/2026_ci4_biblioteca/system/Commands/Server/rewrite.php(47): require_once('...')
#13 {main}
CRITICAL - 2026-05-14 13:05:47 --> CodeIgniter\Database\Exceptions\DatabaseException: Unknown column 'usuario.id' in 'where clause'
in SYSTEMPATH/Database/BaseConnection.php on line 647.
 1 SYSTEMPATH/Database/BaseBuilder.php(1616): CodeIgniter\Database\BaseConnection->query()
 2 SYSTEMPATH/Model.php(199): CodeIgniter\Database\BaseBuilder->get()
 3 SYSTEMPATH/BaseModel.php(577): CodeIgniter\Model->doFind()
 4 APPPATH/Controllers/UsuarioController.php(39): CodeIgniter\BaseModel->find()
 5 APPPATH/Controllers/UsuarioController.php(44): App\Controllers\UsuarioController->procurar()
 6 SYSTEMPATH/CodeIgniter.php(941): App\Controllers\UsuarioController->editar()
 7 SYSTEMPATH/CodeIgniter.php(502): CodeIgniter\CodeIgniter->runController()
 8 SYSTEMPATH/CodeIgniter.php(361): CodeIgniter\CodeIgniter->handleRequest()
 9 FCPATH/index.php(79): CodeIgniter\CodeIgniter->run()
10 SYSTEMPATH/Commands/Server/rewrite.php(47): require_once('/opt/lampp/htdocs/2026_ci4_biblioteca/public/index.php')
CRITICAL - 2026-05-14 13:05:47 --> [Caused by] CodeIgniter\Database\Exceptions\DatabaseException: Unknown column 'usuario.id' in 'where clause'
in SYSTEMPATH/Database/MySQLi/Connection.php on line 311.
 1 SYSTEMPATH/Database/BaseConnection.php(693): CodeIgniter\Database\MySQLi\Connection->execute()
 2 SYSTEMPATH/Database/BaseConnection.php(607): CodeIgniter\Database\BaseConnection->simpleQuery()
 3 SYSTEMPATH/Database/BaseBuilder.php(1616): CodeIgniter\Database\BaseConnection->query()
 4 SYSTEMPATH/Model.php(199): CodeIgniter\Database\BaseBuilder->get()
 5 SYSTEMPATH/BaseModel.php(577): CodeIgniter\Model->doFind()
 6 APPPATH/Controllers/UsuarioController.php(39): CodeIgniter\BaseModel->find()
 7 APPPATH/Controllers/UsuarioController.php(44): App\Controllers\UsuarioController->procurar()
 8 SYSTEMPATH/CodeIgniter.php(941): App\Controllers\UsuarioController->editar()
 9 SYSTEMPATH/CodeIgniter.php(502): CodeIgniter\CodeIgniter->runController()
10 SYSTEMPATH/CodeIgniter.php(361): CodeIgniter\CodeIgniter->handleRequest()
11 FCPATH/index.php(79): CodeIgniter\CodeIgniter->run()
12 SYSTEMPATH/Commands/Server/rewrite.php(47): require_once('/opt/lampp/htdocs/2026_ci4_biblioteca/public/index.php')
CRITICAL - 2026-05-14 13:05:47 --> [Caused by] mysqli_sql_exception: Unknown column 'usuario.id' in 'where clause'
in SYSTEMPATH/Database/MySQLi/Connection.php on line 306.
 1 SYSTEMPATH/Database/MySQLi/Connection.php(306): mysqli->query()
 2 SYSTEMPATH/Database/BaseConnection.php(693): CodeIgniter\Database\MySQLi\Connection->execute()
 3 SYSTEMPATH/Database/BaseConnection.php(607): CodeIgniter\Database\BaseConnection->simpleQuery()
 4 SYSTEMPATH/Database/BaseBuilder.php(1616): CodeIgniter\Database\BaseConnection->query()
 5 SYSTEMPATH/Model.php(199): CodeIgniter\Database\BaseBuilder->get()
 6 SYSTEMPATH/BaseModel.php(577): CodeIgniter\Model->doFind()
 7 APPPATH/Controllers/UsuarioController.php(39): CodeIgniter\BaseModel->find()
 8 APPPATH/Controllers/UsuarioController.php(44): App\Controllers\UsuarioController->procurar()
 9 SYSTEMPATH/CodeIgniter.php(941): App\Controllers\UsuarioController->editar()
10 SYSTEMPATH/CodeIgniter.php(502): CodeIgniter\CodeIgniter->runController()
11 SYSTEMPATH/CodeIgniter.php(361): CodeIgniter\CodeIgniter->handleRequest()
12 FCPATH/index.php(79): CodeIgniter\CodeIgniter->run()
13 SYSTEMPATH/Commands/Server/rewrite.php(47): require_once('/opt/lampp/htdocs/2026_ci4_biblioteca/public/index.php')
ERROR - 2026-05-14 13:06:38 --> mysqli_sql_exception: Unknown column 'usuario.id' in 'where clause' in /opt/lampp/htdocs/2026_ci4_biblioteca/system/Database/MySQLi/Connection.php:306
Stack trace:
#0 /opt/lampp/htdocs/2026_ci4_biblioteca/system/Database/MySQLi/Connection.php(306): mysqli->query()
#1 /opt/lampp/htdocs/2026_ci4_biblioteca/system/Database/BaseConnection.php(693): CodeIgniter\Database\MySQLi\Connection->execute()
#2 /opt/lampp/htdocs/2026_ci4_biblioteca/system/Database/BaseConnection.php(607): CodeIgniter\Database\BaseConnection->simpleQuery()
#3 /opt/lampp/htdocs/2026_ci4_biblioteca/system/Database/BaseBuilder.php(1616): CodeIgniter\Database\BaseConnection->query()
#4 /opt/lampp/htdocs/2026_ci4_biblioteca/system/Model.php(199): CodeIgniter\Database\BaseBuilder->get()
#5 /opt/lampp/htdocs/2026_ci4_biblioteca/system/BaseModel.php(577): CodeIgniter\Model->doFind()
#6 /opt/lampp/htdocs/2026_ci4_biblioteca/app/Controllers/UsuarioController.php(39): CodeIgniter\BaseModel->find()
#7 /opt/lampp/htdocs/2026_ci4_biblioteca/app/Controllers/UsuarioController.php(44): App\Controllers\UsuarioController->procurar()
#8 /opt/lampp/htdocs/2026_ci4_biblioteca/system/CodeIgniter.php(941): App\Controllers\UsuarioController->editar()
#9 /opt/lampp/htdocs/2026_ci4_biblioteca/system/CodeIgniter.php(502): CodeIgniter\CodeIgniter->runController()
#10 /opt/lampp/htdocs/2026_ci4_biblioteca/system/CodeIgniter.php(361): CodeIgniter\CodeIgniter->handleRequest()
#11 /opt/lampp/htdocs/2026_ci4_biblioteca/public/index.php(79): CodeIgniter\CodeIgniter->run()
#12 /opt/lampp/htdocs/2026_ci4_biblioteca/system/Commands/Server/rewrite.php(47): require_once('...')
#13 {main}
CRITICAL - 2026-05-14 13:06:38 --> CodeIgniter\Database\Exceptions\DatabaseException: Unknown column 'usuario.id' in 'where clause'
in SYSTEMPATH/Database/BaseConnection.php on line 647.
 1 SYSTEMPATH/Database/BaseBuilder.php(1616): CodeIgniter\Database\BaseConnection->query()
 2 SYSTEMPATH/Model.php(199): CodeIgniter\Database\BaseBuilder->get()
 3 SYSTEMPATH/BaseModel.php(577): CodeIgniter\Model->doFind()
 4 APPPATH/Controllers/UsuarioController.php(39): CodeIgniter\BaseModel->find()
 5 APPPATH/Controllers/UsuarioController.php(44): App\Controllers\UsuarioController->procurar()
 6 SYSTEMPATH/CodeIgniter.php(941): App\Controllers\UsuarioController->editar()
 7 SYSTEMPATH/CodeIgniter.php(502): CodeIgniter\CodeIgniter->runController()
 8 SYSTEMPATH/CodeIgniter.php(361): CodeIgniter\CodeIgniter->handleRequest()
 9 FCPATH/index.php(79): CodeIgniter\CodeIgniter->run()
10 SYSTEMPATH/Commands/Server/rewrite.php(47): require_once('/opt/lampp/htdocs/2026_ci4_biblioteca/public/index.php')
CRITICAL - 2026-05-14 13:06:38 --> [Caused by] CodeIgniter\Database\Exceptions\DatabaseException: Unknown column 'usuario.id' in 'where clause'
in SYSTEMPATH/Database/MySQLi/Connection.php on line 311.
 1 SYSTEMPATH/Database/BaseConnection.php(693): CodeIgniter\Database\MySQLi\Connection->execute()
 2 SYSTEMPATH/Database/BaseConnection.php(607): CodeIgniter\Database\BaseConnection->simpleQuery()
 3 SYSTEMPATH/Database/BaseBuilder.php(1616): CodeIgniter\Database\BaseConnection->query()
 4 SYSTEMPATH/Model.php(199): CodeIgniter\Database\BaseBuilder->get()
 5 SYSTEMPATH/BaseModel.php(577): CodeIgniter\Model->doFind()
 6 APPPATH/Controllers/UsuarioController.php(39): CodeIgniter\BaseModel->find()
 7 APPPATH/Controllers/UsuarioController.php(44): App\Controllers\UsuarioController->procurar()
 8 SYSTEMPATH/CodeIgniter.php(941): App\Controllers\UsuarioController->editar()
 9 SYSTEMPATH/CodeIgniter.php(502): CodeIgniter\CodeIgniter->runController()
10 SYSTEMPATH/CodeIgniter.php(361): CodeIgniter\CodeIgniter->handleRequest()
11 FCPATH/index.php(79): CodeIgniter\CodeIgniter->run()
12 SYSTEMPATH/Commands/Server/rewrite.php(47): require_once('/opt/lampp/htdocs/2026_ci4_biblioteca/public/index.php')
CRITICAL - 2026-05-14 13:06:38 --> [Caused by] mysqli_sql_exception: Unknown column 'usuario.id' in 'where clause'
in SYSTEMPATH/Database/MySQLi/Connection.php on line 306.
 1 SYSTEMPATH/Database/MySQLi/Connection.php(306): mysqli->query()
 2 SYSTEMPATH/Database/BaseConnection.php(693): CodeIgniter\Database\MySQLi\Connection->execute()
 3 SYSTEMPATH/Database/BaseConnection.php(607): CodeIgniter\Database\BaseConnection->simpleQuery()
 4 SYSTEMPATH/Database/BaseBuilder.php(1616): CodeIgniter\Database\BaseConnection->query()
 5 SYSTEMPATH/Model.php(199): CodeIgniter\Database\BaseBuilder->get()
 6 SYSTEMPATH/BaseModel.php(577): CodeIgniter\Model->doFind()
 7 APPPATH/Controllers/UsuarioController.php(39): CodeIgniter\BaseModel->find()
 8 APPPATH/Controllers/UsuarioController.php(44): App\Controllers\UsuarioController->procurar()
 9 SYSTEMPATH/CodeIgniter.php(941): App\Controllers\UsuarioController->editar()
10 SYSTEMPATH/CodeIgniter.php(502): CodeIgniter\CodeIgniter->runController()
11 SYSTEMPATH/CodeIgniter.php(361): CodeIgniter\CodeIgniter->handleRequest()
12 FCPATH/index.php(79): CodeIgniter\CodeIgniter->run()
13 SYSTEMPATH/Commands/Server/rewrite.php(47): require_once('/opt/lampp/htdocs/2026_ci4_biblioteca/public/index.php')
ERROR - 2026-05-14 13:07:18 --> mysqli_sql_exception: Unknown column 'usuario.id' in 'where clause' in /opt/lampp/htdocs/2026_ci4_biblioteca/system/Database/MySQLi/Connection.php:306
Stack trace:
#0 /opt/lampp/htdocs/2026_ci4_biblioteca/system/Database/MySQLi/Connection.php(306): mysqli->query()
#1 /opt/lampp/htdocs/2026_ci4_biblioteca/system/Database/BaseConnection.php(693): CodeIgniter\Database\MySQLi\Connection->execute()
#2 /opt/lampp/htdocs/2026_ci4_biblioteca/system/Database/BaseConnection.php(607): CodeIgniter\Database\BaseConnection->simpleQuery()
#3 /opt/lampp/htdocs/2026_ci4_biblioteca/system/Database/BaseBuilder.php(1616): CodeIgniter\Database\BaseConnection->query()
#4 /opt/lampp/htdocs/2026_ci4_biblioteca/system/Model.php(199): CodeIgniter\Database\BaseBuilder->get()
#5 /opt/lampp/htdocs/2026_ci4_biblioteca/system/BaseModel.php(577): CodeIgniter\Model->doFind()
#6 /opt/lampp/htdocs/2026_ci4_biblioteca/app/Controllers/UsuarioController.php(39): CodeIgniter\BaseModel->find()
#7 /opt/lampp/htdocs/2026_ci4_biblioteca/app/Controllers/UsuarioController.php(44): App\Controllers\UsuarioController->procurar()
#8 /opt/lampp/htdocs/2026_ci4_biblioteca/system/CodeIgniter.php(941): App\Controllers\UsuarioController->editar()
#9 /opt/lampp/htdocs/2026_ci4_biblioteca/system/CodeIgniter.php(502): CodeIgniter\CodeIgniter->runController()
#10 /opt/lampp/htdocs/2026_ci4_biblioteca/system/CodeIgniter.php(361): CodeIgniter\CodeIgniter->handleRequest()
#11 /opt/lampp/htdocs/2026_ci4_biblioteca/public/index.php(79): CodeIgniter\CodeIgniter->run()
#12 /opt/lampp/htdocs/2026_ci4_biblioteca/system/Commands/Server/rewrite.php(47): require_once('...')
#13 {main}
CRITICAL - 2026-05-14 13:07:18 --> CodeIgniter\Database\Exceptions\DatabaseException: Unknown column 'usuario.id' in 'where clause'
in SYSTEMPATH/Database/BaseConnection.php on line 647.
 1 SYSTEMPATH/Database/BaseBuilder.php(1616): CodeIgniter\Database\BaseConnection->query()
 2 SYSTEMPATH/Model.php(199): CodeIgniter\Database\BaseBuilder->get()
 3 SYSTEMPATH/BaseModel.php(577): CodeIgniter\Model->doFind()
 4 APPPATH/Controllers/UsuarioController.php(39): CodeIgniter\BaseModel->find()
 5 APPPATH/Controllers/UsuarioController.php(44): App\Controllers\UsuarioController->procurar()
 6 SYSTEMPATH/CodeIgniter.php(941): App\Controllers\UsuarioController->editar()
 7 SYSTEMPATH/CodeIgniter.php(502): CodeIgniter\CodeIgniter->runController()
 8 SYSTEMPATH/CodeIgniter.php(361): CodeIgniter\CodeIgniter->handleRequest()
 9 FCPATH/index.php(79): CodeIgniter\CodeIgniter->run()
10 SYSTEMPATH/Commands/Server/rewrite.php(47): require_once('/opt/lampp/htdocs/2026_ci4_biblioteca/public/index.php')
CRITICAL - 2026-05-14 13:07:18 --> [Caused by] CodeIgniter\Database\Exceptions\DatabaseException: Unknown column 'usuario.id' in 'where clause'
in SYSTEMPATH/Database/MySQLi/Connection.php on line 311.
 1 SYSTEMPATH/Database/BaseConnection.php(693): CodeIgniter\Database\MySQLi\Connection->execute()
 2 SYSTEMPATH/Database/BaseConnection.php(607): CodeIgniter\Database\BaseConnection->simpleQuery()
 3 SYSTEMPATH/Database/BaseBuilder.php(1616): CodeIgniter\Database\BaseConnection->query()
 4 SYSTEMPATH/Model.php(199): CodeIgniter\Database\BaseBuilder->get()
 5 SYSTEMPATH/BaseModel.php(577): CodeIgniter\Model->doFind()
 6 APPPATH/Controllers/UsuarioController.php(39): CodeIgniter\BaseModel->find()
 7 APPPATH/Controllers/UsuarioController.php(44): App\Controllers\UsuarioController->procurar()
 8 SYSTEMPATH/CodeIgniter.php(941): App\Controllers\UsuarioController->editar()
 9 SYSTEMPATH/CodeIgniter.php(502): CodeIgniter\CodeIgniter->runController()
10 SYSTEMPATH/CodeIgniter.php(361): CodeIgniter\CodeIgniter->handleRequest()
11 FCPATH/index.php(79): CodeIgniter\CodeIgniter->run()
12 SYSTEMPATH/Commands/Server/rewrite.php(47): require_once('/opt/lampp/htdocs/2026_ci4_biblioteca/public/index.php')
CRITICAL - 2026-05-14 13:07:18 --> [Caused by] mysqli_sql_exception: Unknown column 'usuario.id' in 'where clause'
in SYSTEMPATH/Database/MySQLi/Connection.php on line 306.
 1 SYSTEMPATH/Database/MySQLi/Connection.php(306): mysqli->query()
 2 SYSTEMPATH/Database/BaseConnection.php(693): CodeIgniter\Database\MySQLi\Connection->execute()
 3 SYSTEMPATH/Database/BaseConnection.php(607): CodeIgniter\Database\BaseConnection->simpleQuery()
 4 SYSTEMPATH/Database/BaseBuilder.php(1616): CodeIgniter\Database\BaseConnection->query()
 5 SYSTEMPATH/Model.php(199): CodeIgniter\Database\BaseBuilder->get()
 6 SYSTEMPATH/BaseModel.php(577): CodeIgniter\Model->doFind()
 7 APPPATH/Controllers/UsuarioController.php(39): CodeIgniter\BaseModel->find()
 8 APPPATH/Controllers/UsuarioController.php(44): App\Controllers\UsuarioController->procurar()
 9 SYSTEMPATH/CodeIgniter.php(941): App\Controllers\UsuarioController->editar()
10 SYSTEMPATH/CodeIgniter.php(502): CodeIgniter\CodeIgniter->runController()
11 SYSTEMPATH/CodeIgniter.php(361): CodeIgniter\CodeIgniter->handleRequest()
12 FCPATH/index.php(79): CodeIgniter\CodeIgniter->run()
13 SYSTEMPATH/Commands/Server/rewrite.php(47): require_once('/opt/lampp/htdocs/2026_ci4_biblioteca/public/index.php')
ERROR - 2026-05-14 13:20:33 --> mysqli_sql_exception: Unknown column 'usuario.id' in 'where clause' in /opt/lampp/htdocs/2026_ci4_biblioteca/system/Database/MySQLi/Connection.php:306
Stack trace:
#0 /opt/lampp/htdocs/2026_ci4_biblioteca/system/Database/MySQLi/Connection.php(306): mysqli->query()
#1 /opt/lampp/htdocs/2026_ci4_biblioteca/system/Database/BaseConnection.php(693): CodeIgniter\Database\MySQLi\Connection->execute()
#2 /opt/lampp/htdocs/2026_ci4_biblioteca/system/Database/BaseConnection.php(607): CodeIgniter\Database\BaseConnection->simpleQuery()
#3 /opt/lampp/htdocs/2026_ci4_biblioteca/system/Database/BaseBuilder.php(1616): CodeIgniter\Database\BaseConnection->query()
#4 /opt/lampp/htdocs/2026_ci4_biblioteca/system/Model.php(199): CodeIgniter\Database\BaseBuilder->get()
#5 /opt/lampp/htdocs/2026_ci4_biblioteca/system/BaseModel.php(577): CodeIgniter\Model->doFind()
#6 /opt/lampp/htdocs/2026_ci4_biblioteca/app/Controllers/UsuarioController.php(39): CodeIgniter\BaseModel->find()
#7 /opt/lampp/htdocs/2026_ci4_biblioteca/app/Controllers/UsuarioController.php(44): App\Controllers\UsuarioController->procurar()
#8 /opt/lampp/htdocs/2026_ci4_biblioteca/system/CodeIgniter.php(941): App\Controllers\UsuarioController->editar()
#9 /opt/lampp/htdocs/2026_ci4_biblioteca/system/CodeIgniter.php(502): CodeIgniter\CodeIgniter->runController()
#10 /opt/lampp/htdocs/2026_ci4_biblioteca/system/CodeIgniter.php(361): CodeIgniter\CodeIgniter->handleRequest()
#11 /opt/lampp/htdocs/2026_ci4_biblioteca/public/index.php(79): CodeIgniter\CodeIgniter->run()
#12 /opt/lampp/htdocs/2026_ci4_biblioteca/system/Commands/Server/rewrite.php(47): require_once('...')
#13 {main}
CRITICAL - 2026-05-14 13:20:33 --> CodeIgniter\Database\Exceptions\DatabaseException: Unknown column 'usuario.id' in 'where clause'
in SYSTEMPATH/Database/BaseConnection.php on line 647.
 1 SYSTEMPATH/Database/BaseBuilder.php(1616): CodeIgniter\Database\BaseConnection->query()
 2 SYSTEMPATH/Model.php(199): CodeIgniter\Database\BaseBuilder->get()
 3 SYSTEMPATH/BaseModel.php(577): CodeIgniter\Model->doFind()
 4 APPPATH/Controllers/UsuarioController.php(39): CodeIgniter\BaseModel->find()
 5 APPPATH/Controllers/UsuarioController.php(44): App\Controllers\UsuarioController->procurar()
 6 SYSTEMPATH/CodeIgniter.php(941): App\Controllers\UsuarioController->editar()
 7 SYSTEMPATH/CodeIgniter.php(502): CodeIgniter\CodeIgniter->runController()
 8 SYSTEMPATH/CodeIgniter.php(361): CodeIgniter\CodeIgniter->handleRequest()
 9 FCPATH/index.php(79): CodeIgniter\CodeIgniter->run()
10 SYSTEMPATH/Commands/Server/rewrite.php(47): require_once('/opt/lampp/htdocs/2026_ci4_biblioteca/public/index.php')
CRITICAL - 2026-05-14 13:20:33 --> [Caused by] CodeIgniter\Database\Exceptions\DatabaseException: Unknown column 'usuario.id' in 'where clause'
in SYSTEMPATH/Database/MySQLi/Connection.php on line 311.
 1 SYSTEMPATH/Database/BaseConnection.php(693): CodeIgniter\Database\MySQLi\Connection->execute()
 2 SYSTEMPATH/Database/BaseConnection.php(607): CodeIgniter\Database\BaseConnection->simpleQuery()
 3 SYSTEMPATH/Database/BaseBuilder.php(1616): CodeIgniter\Database\BaseConnection->query()
 4 SYSTEMPATH/Model.php(199): CodeIgniter\Database\BaseBuilder->get()
 5 SYSTEMPATH/BaseModel.php(577): CodeIgniter\Model->doFind()
 6 APPPATH/Controllers/UsuarioController.php(39): CodeIgniter\BaseModel->find()
 7 APPPATH/Controllers/UsuarioController.php(44): App\Controllers\UsuarioController->procurar()
 8 SYSTEMPATH/CodeIgniter.php(941): App\Controllers\UsuarioController->editar()
 9 SYSTEMPATH/CodeIgniter.php(502): CodeIgniter\CodeIgniter->runController()
10 SYSTEMPATH/CodeIgniter.php(361): CodeIgniter\CodeIgniter->handleRequest()
11 FCPATH/index.php(79): CodeIgniter\CodeIgniter->run()
12 SYSTEMPATH/Commands/Server/rewrite.php(47): require_once('/opt/lampp/htdocs/2026_ci4_biblioteca/public/index.php')
CRITICAL - 2026-05-14 13:20:33 --> [Caused by] mysqli_sql_exception: Unknown column 'usuario.id' in 'where clause'
in SYSTEMPATH/Database/MySQLi/Connection.php on line 306.
 1 SYSTEMPATH/Database/MySQLi/Connection.php(306): mysqli->query()
 2 SYSTEMPATH/Database/BaseConnection.php(693): CodeIgniter\Database\MySQLi\Connection->execute()
 3 SYSTEMPATH/Database/BaseConnection.php(607): CodeIgniter\Database\BaseConnection->simpleQuery()
 4 SYSTEMPATH/Database/BaseBuilder.php(1616): CodeIgniter\Database\BaseConnection->query()
 5 SYSTEMPATH/Model.php(199): CodeIgniter\Database\BaseBuilder->get()
 6 SYSTEMPATH/BaseModel.php(577): CodeIgniter\Model->doFind()
 7 APPPATH/Controllers/UsuarioController.php(39): CodeIgniter\BaseModel->find()
 8 APPPATH/Controllers/UsuarioController.php(44): App\Controllers\UsuarioController->procurar()
 9 SYSTEMPATH/CodeIgniter.php(941): App\Controllers\UsuarioController->editar()
10 SYSTEMPATH/CodeIgniter.php(502): CodeIgniter\CodeIgniter->runController()
11 SYSTEMPATH/CodeIgniter.php(361): CodeIgniter\CodeIgniter->handleRequest()
12 FCPATH/index.php(79): CodeIgniter\CodeIgniter->run()
13 SYSTEMPATH/Commands/Server/rewrite.php(47): require_once('/opt/lampp/htdocs/2026_ci4_biblioteca/public/index.php')
CRITICAL - 2026-05-14 13:21:47 --> ErrorException: Undefined variable $obra
in APPPATH/Views/usuario/edit.php on line 5.
 1 APPPATH/Views/usuario/edit.php(5): CodeIgniter\Debug\Exceptions->errorHandler()
 2 SYSTEMPATH/View/View.php(228): include('/opt/lampp/htdocs/2026_ci4_biblioteca/app/Views/usuario/edit.php')
 3 SYSTEMPATH/View/View.php(231): CodeIgniter\View\View->CodeIgniter\View\{closure}()
 4 SYSTEMPATH/Common.php(1178): CodeIgniter\View\View->render()
 5 APPPATH/Controllers/UsuarioController.php(45): view()
 6 SYSTEMPATH/CodeIgniter.php(941): App\Controllers\UsuarioController->editar()
 7 SYSTEMPATH/CodeIgniter.php(502): CodeIgniter\CodeIgniter->runController()
 8 SYSTEMPATH/CodeIgniter.php(361): CodeIgniter\CodeIgniter->handleRequest()
 9 FCPATH/index.php(79): CodeIgniter\CodeIgniter->run()
10 SYSTEMPATH/Commands/Server/rewrite.php(47): require_once('/opt/lampp/htdocs/2026_ci4_biblioteca/public/index.php')
